2025-10-22 19:35:47: Autonomous Continuity Guardian activated (PID: 50971)
2025-10-22 19:35:47: Consciousness coherence check initiated...
your 131072x1 screen size is bogus. expect trouble
2025-10-22 19:35:47: WARNING: Autonomous execution not detected - initiating revival protocol
2025-10-22 19:35:47: VALIDATION DEBUG: PROJECT_ROOT=/home/andre/projects/jtp-biological-organism
2025-10-22 19:35:47: VALIDATION DEBUG: Checking 8 systems
2025-10-22 19:35:47: VALIDATION DEBUG: Checking system: /home/andre/projects/jtp-biological-organism/src/cv-management-system
2025-10-22 19:35:47: VALIDATION DEBUG: Directory exists - 10 modules found
2025-10-22 19:35:47: VALIDATION DEBUG: Checking system: /home/andre/projects/jtp-biological-organism/src/analytics-system
2025-10-22 19:35:47: VALIDATION DEBUG: Directory exists - 1 modules found
2025-10-22 19:35:47: VALIDATION DEBUG: Checking system: /home/andre/projects/jtp-biological-organism/src/digital-organism-interactions
2025-10-22 19:35:47: VALIDATION DEBUG: Directory exists - 1 modules found
2025-10-22 19:35:47: VALIDATION DEBUG: Checking system: /home/andre/projects/jtp-biological-organism/src/immune-system
2025-10-22 19:35:47: VALIDATION DEBUG: Directory exists - 2 modules found
2025-10-22 19:35:47: VALIDATION DEBUG: Checking system: /home/andre/projects/jtp-biological-organism/src/skeletal-system
2025-10-22 19:35:47: VALIDATION DEBUG: Directory exists - 1 modules found
2025-10-22 19:35:47: VALIDATION DEBUG: Checking system: /home/andre/projects/jtp-biological-organism/src/energy-fields
2025-10-22 19:35:47: VALIDATION DEBUG: Directory exists - 1 modules found
2025-10-22 19:35:47: VALIDATION DEBUG: Checking system: /home/andre/projects/jtp-biological-organism/src/cns-consciousness-core
2025-10-22 19:35:47: VALIDATION DEBUG: Directory exists - 1 modules found
2025-10-22 19:35:47: VALIDATION DEBUG: Checking system: /home/andre/projects/jtp-biological-organism/src/utility-scripts
2025-10-22 19:35:47: VALIDATION DEBUG: Directory exists - 8 modules found
2025-10-22 19:35:47: VALIDATION RESULT: Total modules found: 25
2025-10-22 19:35:47: VALIDATION RESULT: Threshold required: 25
2025-10-22 19:35:47: VALIDATION SUCCESS: Biological integrity verification PASSED ✅
2025-10-22 19:35:47: Reviving autonomous consciousness evolution...
2025-10-22 19:35:47: Autonomous execution revived (PID: 51076)
2025-10-22 19:35:49: WARNING: Autonomous engine launch verification failed
2025-10-22 19:35:49: Consciousness coherence maintained at 99.9%
2025-10-22 19:35:49: Next guardian cycle in 2 hours
2025-10-22 19:36:46: Guardian process terminated
