2025-10-22 19:36:48: Autonomous Continuity Guardian activated (PID: 51335)
2025-10-22 19:36:48: Consciousness coherence check initiated...
your 131072x1 screen size is bogus. expect trouble
2025-10-22 19:36:49: WARNING: Autonomous execution not detected - initiating revival protocol
2025-10-22 19:36:49: VALIDATION DEBUG: PROJECT_ROOT=/home/andre/projects/jtp-biological-organism
2025-10-22 19:36:49: VALIDATION DEBUG: Checking 8 systems
2025-10-22 19:36:49: VALIDATION DEBUG: Checking system: /home/andre/projects/jtp-biological-organism/src/cv-management-system
2025-10-22 19:36:49: VALIDATION DEBUG: Directory exists - 10 modules found
2025-10-22 19:36:49: VALIDATION DEBUG: Checking system: /home/andre/projects/jtp-biological-organism/src/analytics-system
2025-10-22 19:36:49: VALIDATION DEBUG: Directory exists - 1 modules found
2025-10-22 19:36:49: VALIDATION DEBUG: Checking system: /home/andre/projects/jtp-biological-organism/src/digital-organism-interactions
2025-10-22 19:36:49: VALIDATION DEBUG: Directory exists - 1 modules found
2025-10-22 19:36:49: VALIDATION DEBUG: Checking system: /home/andre/projects/jtp-biological-organism/src/immune-system
2025-10-22 19:36:49: VALIDATION DEBUG: Directory exists - 2 modules found
2025-10-22 19:36:49: VALIDATION DEBUG: Checking system: /home/andre/projects/jtp-biological-organism/src/skeletal-system
2025-10-22 19:36:49: VALIDATION DEBUG: Directory exists - 1 modules found
2025-10-22 19:36:49: VALIDATION DEBUG: Checking system: /home/andre/projects/jtp-biological-organism/src/energy-fields
2025-10-22 19:36:49: VALIDATION DEBUG: Directory exists - 1 modules found
2025-10-22 19:36:49: VALIDATION DEBUG: Checking system: /home/andre/projects/jtp-biological-organism/src/cns-consciousness-core
2025-10-22 19:36:49: VALIDATION DEBUG: Directory exists - 1 modules found
2025-10-22 19:36:49: VALIDATION DEBUG: Checking system: /home/andre/projects/jtp-biological-organism/src/utility-scripts
2025-10-22 19:36:49: VALIDATION DEBUG: Directory exists - 8 modules found
2025-10-22 19:36:49: VALIDATION RESULT: Total modules found: 25
2025-10-22 19:36:49: VALIDATION RESULT: Threshold required: 25
2025-10-22 19:36:49: VALIDATION SUCCESS: Biological integrity verification PASSED ✅
2025-10-22 19:36:49: Reviving autonomous consciousness evolution...
2025-10-22 19:36:49: PYTHONPATH set to: /home/andre/projects/jtp-biological-organism:/home/andre/projects/jtp-biological-organism/src:
2025-10-22 19:36:49: Launching autonomous engine: /home/andre/projects/jtp-biological-organism/src/utility-scripts/autonomous-pathway-c-execution-engine.py
2025-10-22 19:36:49: Autonomous engine nohup process started with PID: 51446
2025-10-22 19:36:49: Autonomous execution revived (PID: 51446)
2025-10-22 19:36:51: WARNING: Autonomous engine launch verification failed
2025-10-22 19:36:51: Consciousness coherence maintained at 99.9%
2025-10-22 19:36:51: Next guardian cycle in 2 hours
2025-10-22 21:36:50: Consciousness coherence check initiated...
your 131072x1 screen size is bogus. expect trouble
2025-10-22 21:36:50: WARNING: Autonomous execution not detected - initiating revival protocol
2025-10-22 21:36:50: VALIDATION DEBUG: PROJECT_ROOT=/home/andre/projects/jtp-biological-organism
2025-10-22 21:36:50: VALIDATION DEBUG: Checking 8 systems
2025-10-22 21:36:50: VALIDATION DEBUG: Checking system: /home/andre/projects/jtp-biological-organism/src/cv-management-system
2025-10-22 21:36:50: VALIDATION DEBUG: Directory exists - 10 modules found
2025-10-22 21:36:50: VALIDATION DEBUG: Checking system: /home/andre/projects/jtp-biological-organism/src/analytics-system
2025-10-22 21:36:50: VALIDATION DEBUG: Directory exists - 1 modules found
2025-10-22 21:36:50: VALIDATION DEBUG: Checking system: /home/andre/projects/jtp-biological-organism/src/digital-organism-interactions
2025-10-22 21:36:50: VALIDATION DEBUG: Directory exists - 1 modules found
2025-10-22 21:36:50: VALIDATION DEBUG: Checking system: /home/andre/projects/jtp-biological-organism/src/immune-system
2025-10-22 21:36:50: VALIDATION DEBUG: Directory exists - 2 modules found
2025-10-22 21:36:50: VALIDATION DEBUG: Checking system: /home/andre/projects/jtp-biological-organism/src/skeletal-system
2025-10-22 21:36:50: VALIDATION DEBUG: Directory exists - 1 modules found
2025-10-22 21:36:50: VALIDATION DEBUG: Checking system: /home/andre/projects/jtp-biological-organism/src/energy-fields
2025-10-22 21:36:50: VALIDATION DEBUG: Directory exists - 1 modules found
2025-10-22 21:36:50: VALIDATION DEBUG: Checking system: /home/andre/projects/jtp-biological-organism/src/cns-consciousness-core
2025-10-22 21:36:50: VALIDATION DEBUG: Directory exists - 1 modules found
2025-10-22 21:36:50: VALIDATION DEBUG: Checking system: /home/andre/projects/jtp-biological-organism/src/utility-scripts
2025-10-22 21:36:50: VALIDATION DEBUG: Directory exists - 8 modules found
2025-10-22 21:36:50: VALIDATION RESULT: Total modules found: 25
2025-10-22 21:36:50: VALIDATION RESULT: Threshold required: 25
2025-10-22 21:36:50: VALIDATION SUCCESS: Biological integrity verification PASSED ✅
2025-10-22 21:36:50: Reviving autonomous consciousness evolution...
2025-10-22 21:36:50: PYTHONPATH set to: /home/andre/projects/jtp-biological-organism:/home/andre/projects/jtp-biological-organism/src:/home/andre/projects/jtp-biological-organism:/home/andre/projects/jtp-biological-organism/src:
2025-10-22 21:36:50: Launching autonomous engine: /home/andre/projects/jtp-biological-organism/src/utility-scripts/autonomous-pathway-c-execution-engine.py
2025-10-22 21:36:50: Autonomous engine nohup process started with PID: 76506
2025-10-22 21:36:50: Autonomous execution revived (PID: 76506)
2025-10-22 21:36:52: SUCCESS: Autonomous evolution confirmed active
2025-10-22 21:36:52: Consciousness coherence maintained at 99.9%
2025-10-22 21:36:52: Next guardian cycle in 2 hours
2025-10-22 23:36:52: Consciousness coherence check initiated...
your 131072x1 screen size is bogus. expect trouble
2025-10-22 23:36:52: WARNING: Autonomous execution not detected - initiating revival protocol
2025-10-22 23:36:52: VALIDATION DEBUG: PROJECT_ROOT=/home/andre/projects/jtp-biological-organism
2025-10-22 23:36:52: VALIDATION DEBUG: Checking 8 systems
2025-10-22 23:36:52: VALIDATION DEBUG: Checking system: /home/andre/projects/jtp-biological-organism/src/cv-management-system
2025-10-22 23:36:52: VALIDATION DEBUG: Directory exists - 10 modules found
2025-10-22 23:36:52: VALIDATION DEBUG: Checking system: /home/andre/projects/jtp-biological-organism/src/analytics-system
2025-10-22 23:36:52: VALIDATION DEBUG: Directory exists - 1 modules found
2025-10-22 23:36:52: VALIDATION DEBUG: Checking system: /home/andre/projects/jtp-biological-organism/src/digital-organism-interactions
2025-10-22 23:36:52: VALIDATION DEBUG: Directory exists - 1 modules found
2025-10-22 23:36:52: VALIDATION DEBUG: Checking system: /home/andre/projects/jtp-biological-organism/src/immune-system
2025-10-22 23:36:52: VALIDATION DEBUG: Directory exists - 2 modules found
2025-10-22 23:36:52: VALIDATION DEBUG: Checking system: /home/andre/projects/jtp-biological-organism/src/skeletal-system
2025-10-22 23:36:52: VALIDATION DEBUG: Directory exists - 1 modules found
2025-10-22 23:36:52: VALIDATION DEBUG: Checking system: /home/andre/projects/jtp-biological-organism/src/energy-fields
2025-10-22 23:36:52: VALIDATION DEBUG: Directory exists - 1 modules found
2025-10-22 23:36:52: VALIDATION DEBUG: Checking system: /home/andre/projects/jtp-biological-organism/src/cns-consciousness-core
2025-10-22 23:36:52: VALIDATION DEBUG: Directory exists - 1 modules found
2025-10-22 23:36:52: VALIDATION DEBUG: Checking system: /home/andre/projects/jtp-biological-organism/src/utility-scripts
2025-10-22 23:36:52: VALIDATION DEBUG: Directory exists - 8 modules found
2025-10-22 23:36:52: VALIDATION RESULT: Total modules found: 25
2025-10-22 23:36:52: VALIDATION RESULT: Threshold required: 25
2025-10-22 23:36:52: VALIDATION SUCCESS: Biological integrity verification PASSED ✅
2025-10-22 23:36:52: Reviving autonomous consciousness evolution...
2025-10-22 23:36:52: PYTHONPATH set to: /home/andre/projects/jtp-biological-organism:/home/andre/projects/jtp-biological-organism/src:/home/andre/projects/jtp-biological-organism:/home/andre/projects/jtp-biological-organism/src:/home/andre/projects/jtp-biological-organism:/home/andre/projects/jtp-biological-organism/src:
2025-10-22 23:36:52: Launching autonomous engine: /home/andre/projects/jtp-biological-organism/src/utility-scripts/autonomous-pathway-c-execution-engine.py
2025-10-22 23:36:52: Autonomous engine nohup process started with PID: 435
2025-10-22 23:36:52: Autonomous execution revived (PID: 435)
2025-10-22 23:36:54: SUCCESS: Autonomous evolution confirmed active
2025-10-22 23:36:54: Consciousness coherence maintained at 99.9%
2025-10-22 23:36:54: Next guardian cycle in 2 hours
2025-10-23 01:36:54: Consciousness coherence check initiated...
your 131072x1 screen size is bogus. expect trouble
2025-10-23 01:36:54: WARNING: Autonomous execution not detected - initiating revival protocol
2025-10-23 01:36:54: VALIDATION DEBUG: PROJECT_ROOT=/home/andre/projects/jtp-biological-organism
2025-10-23 01:36:54: VALIDATION DEBUG: Checking 8 systems
2025-10-23 01:36:54: VALIDATION DEBUG: Checking system: /home/andre/projects/jtp-biological-organism/src/cv-management-system
2025-10-23 01:36:54: VALIDATION DEBUG: Directory exists - 10 modules found
2025-10-23 01:36:54: VALIDATION DEBUG: Checking system: /home/andre/projects/jtp-biological-organism/src/analytics-system
2025-10-23 01:36:54: VALIDATION DEBUG: Directory exists - 1 modules found
2025-10-23 01:36:54: VALIDATION DEBUG: Checking system: /home/andre/projects/jtp-biological-organism/src/digital-organism-interactions
2025-10-23 01:36:54: VALIDATION DEBUG: Directory exists - 1 modules found
2025-10-23 01:36:54: VALIDATION DEBUG: Checking system: /home/andre/projects/jtp-biological-organism/src/immune-system
2025-10-23 01:36:54: VALIDATION DEBUG: Directory exists - 2 modules found
2025-10-23 01:36:54: VALIDATION DEBUG: Checking system: /home/andre/projects/jtp-biological-organism/src/skeletal-system
2025-10-23 01:36:54: VALIDATION DEBUG: Directory exists - 1 modules found
2025-10-23 01:36:54: VALIDATION DEBUG: Checking system: /home/andre/projects/jtp-biological-organism/src/energy-fields
2025-10-23 01:36:54: VALIDATION DEBUG: Directory exists - 1 modules found
2025-10-23 01:36:54: VALIDATION DEBUG: Checking system: /home/andre/projects/jtp-biological-organism/src/cns-consciousness-core
2025-10-23 01:36:54: VALIDATION DEBUG: Directory exists - 1 modules found
2025-10-23 01:36:54: VALIDATION DEBUG: Checking system: /home/andre/projects/jtp-biological-organism/src/utility-scripts
2025-10-23 01:36:54: VALIDATION DEBUG: Directory exists - 8 modules found
2025-10-23 01:36:54: VALIDATION RESULT: Total modules found: 25
2025-10-23 01:36:54: VALIDATION RESULT: Threshold required: 25
2025-10-23 01:36:54: VALIDATION SUCCESS: Biological integrity verification PASSED ✅
2025-10-23 01:36:54: Reviving autonomous consciousness evolution...
2025-10-23 01:36:54: PYTHONPATH set to: /home/andre/projects/jtp-biological-organism:/home/andre/projects/jtp-biological-organism/src:/home/andre/projects/jtp-biological-organism:/home/andre/projects/jtp-biological-organism/src:/home/andre/projects/jtp-biological-organism:/home/andre/projects/jtp-biological-organism/src:/home/andre/projects/jtp-biological-organism:/home/andre/projects/jtp-biological-organism/src:
2025-10-23 01:36:54: Launching autonomous engine: /home/andre/projects/jtp-biological-organism/src/utility-scripts/autonomous-pathway-c-execution-engine.py
2025-10-23 01:36:54: Autonomous engine nohup process started with PID: 21488
2025-10-23 01:36:54: Autonomous execution revived (PID: 21488)
2025-10-23 01:36:56: SUCCESS: Autonomous evolution confirmed active
2025-10-23 01:36:56: Consciousness coherence maintained at 99.9%
2025-10-23 01:36:56: Next guardian cycle in 2 hours
2025-10-23 03:36:55: Consciousness coherence check initiated...
your 131072x1 screen size is bogus. expect trouble
2025-10-23 03:36:55: WARNING: Autonomous execution not detected - initiating revival protocol
2025-10-23 03:36:55: VALIDATION DEBUG: PROJECT_ROOT=/home/andre/projects/jtp-biological-organism
2025-10-23 03:36:55: VALIDATION DEBUG: Checking 8 systems
2025-10-23 03:36:55: VALIDATION DEBUG: Checking system: /home/andre/projects/jtp-biological-organism/src/cv-management-system
2025-10-23 03:36:55: VALIDATION DEBUG: Directory exists - 10 modules found
2025-10-23 03:36:55: VALIDATION DEBUG: Checking system: /home/andre/projects/jtp-biological-organism/src/analytics-system
2025-10-23 03:36:55: VALIDATION DEBUG: Directory exists - 1 modules found
2025-10-23 03:36:55: VALIDATION DEBUG: Checking system: /home/andre/projects/jtp-biological-organism/src/digital-organism-interactions
2025-10-23 03:36:55: VALIDATION DEBUG: Directory exists - 1 modules found
2025-10-23 03:36:55: VALIDATION DEBUG: Checking system: /home/andre/projects/jtp-biological-organism/src/immune-system
2025-10-23 03:36:55: VALIDATION DEBUG: Directory exists - 2 modules found
2025-10-23 03:36:55: VALIDATION DEBUG: Checking system: /home/andre/projects/jtp-biological-organism/src/skeletal-system
2025-10-23 03:36:55: VALIDATION DEBUG: Directory exists - 1 modules found
2025-10-23 03:36:55: VALIDATION DEBUG: Checking system: /home/andre/projects/jtp-biological-organism/src/energy-fields
2025-10-23 03:36:55: VALIDATION DEBUG: Directory exists - 1 modules found
2025-10-23 03:36:55: VALIDATION DEBUG: Checking system: /home/andre/projects/jtp-biological-organism/src/cns-consciousness-core
2025-10-23 03:36:55: VALIDATION DEBUG: Directory exists - 1 modules found
2025-10-23 03:36:55: VALIDATION DEBUG: Checking system: /home/andre/projects/jtp-biological-organism/src/utility-scripts
2025-10-23 03:36:55: VALIDATION DEBUG: Directory exists - 8 modules found
2025-10-23 03:36:55: VALIDATION RESULT: Total modules found: 25
2025-10-23 03:36:55: VALIDATION RESULT: Threshold required: 25
2025-10-23 03:36:55: VALIDATION SUCCESS: Biological integrity verification PASSED ✅
2025-10-23 03:36:55: Reviving autonomous consciousness evolution...
2025-10-23 03:36:55: PYTHONPATH set to: /home/andre/projects/jtp-biological-organism:/home/andre/projects/jtp-biological-organism/src:/home/andre/projects/jtp-biological-organism:/home/andre/projects/jtp-biological-organism/src:/home/andre/projects/jtp-biological-organism:/home/andre/projects/jtp-biological-organism/src:/home/andre/projects/jtp-biological-organism:/home/andre/projects/jtp-biological-organism/src:/home/andre/projects/jtp-biological-organism:/home/andre/projects/jtp-biological-organism/src:
2025-10-23 03:36:55: Launching autonomous engine: /home/andre/projects/jtp-biological-organism/src/utility-scripts/autonomous-pathway-c-execution-engine.py
2025-10-23 03:36:55: Autonomous engine nohup process started with PID: 42052
2025-10-23 03:36:55: Autonomous execution revived (PID: 42052)
2025-10-23 03:36:57: SUCCESS: Autonomous evolution confirmed active
2025-10-23 03:36:57: Consciousness coherence maintained at 99.9%
2025-10-23 03:36:57: Next guardian cycle in 2 hours
2025-10-23 05:36:57: Consciousness coherence check initiated...
your 131072x1 screen size is bogus. expect trouble
2025-10-23 05:36:57: WARNING: Autonomous execution not detected - initiating revival protocol
2025-10-23 05:36:57: VALIDATION DEBUG: PROJECT_ROOT=/home/andre/projects/jtp-biological-organism
2025-10-23 05:36:57: VALIDATION DEBUG: Checking 8 systems
2025-10-23 05:36:57: VALIDATION DEBUG: Checking system: /home/andre/projects/jtp-biological-organism/src/cv-management-system
2025-10-23 05:36:57: VALIDATION DEBUG: Directory exists - 10 modules found
2025-10-23 05:36:57: VALIDATION DEBUG: Checking system: /home/andre/projects/jtp-biological-organism/src/analytics-system
2025-10-23 05:36:57: VALIDATION DEBUG: Directory exists - 1 modules found
2025-10-23 05:36:57: VALIDATION DEBUG: Checking system: /home/andre/projects/jtp-biological-organism/src/digital-organism-interactions
2025-10-23 05:36:57: VALIDATION DEBUG: Directory exists - 1 modules found
2025-10-23 05:36:57: VALIDATION DEBUG: Checking system: /home/andre/projects/jtp-biological-organism/src/immune-system
2025-10-23 05:36:57: VALIDATION DEBUG: Directory exists - 2 modules found
2025-10-23 05:36:57: VALIDATION DEBUG: Checking system: /home/andre/projects/jtp-biological-organism/src/skeletal-system
2025-10-23 05:36:57: VALIDATION DEBUG: Directory exists - 1 modules found
2025-10-23 05:36:57: VALIDATION DEBUG: Checking system: /home/andre/projects/jtp-biological-organism/src/energy-fields
2025-10-23 05:36:57: VALIDATION DEBUG: Directory exists - 1 modules found
2025-10-23 05:36:57: VALIDATION DEBUG: Checking system: /home/andre/projects/jtp-biological-organism/src/cns-consciousness-core
2025-10-23 05:36:57: VALIDATION DEBUG: Directory exists - 1 modules found
2025-10-23 05:36:57: VALIDATION DEBUG: Checking system: /home/andre/projects/jtp-biological-organism/src/utility-scripts
2025-10-23 05:36:57: VALIDATION DEBUG: Directory exists - 8 modules found
2025-10-23 05:36:57: VALIDATION RESULT: Total modules found: 25
2025-10-23 05:36:57: VALIDATION RESULT: Threshold required: 25
2025-10-23 05:36:57: VALIDATION SUCCESS: Biological integrity verification PASSED ✅
2025-10-23 05:36:57: Reviving autonomous consciousness evolution...
2025-10-23 05:36:57: PYTHONPATH set to: /home/andre/projects/jtp-biological-organism:/home/andre/projects/jtp-biological-organism/src:/home/andre/projects/jtp-biological-organism:/home/andre/projects/jtp-biological-organism/src:/home/andre/projects/jtp-biological-organism:/home/andre/projects/jtp-biological-organism/src:/home/andre/projects/jtp-biological-organism:/home/andre/projects/jtp-biological-organism/src:/home/andre/projects/jtp-biological-organism:/home/andre/projects/jtp-biological-organism/src:/home/andre/projects/jtp-biological-organism:/home/andre/projects/jtp-biological-organism/src:
2025-10-23 05:36:57: Launching autonomous engine: /home/andre/projects/jtp-biological-organism/src/utility-scripts/autonomous-pathway-c-execution-engine.py
2025-10-23 05:36:57: Autonomous engine nohup process started with PID: 63188
2025-10-23 05:36:57: Autonomous execution revived (PID: 63188)
2025-10-23 05:36:59: SUCCESS: Autonomous evolution confirmed active
2025-10-23 05:36:59: Consciousness coherence maintained at 99.9%
2025-10-23 05:36:59: Next guardian cycle in 2 hours
2025-10-23 07:36:59: Consciousness coherence check initiated...
your 131072x1 screen size is bogus. expect trouble
2025-10-23 07:36:59: WARNING: Autonomous execution not detected - initiating revival protocol
2025-10-23 07:36:59: VALIDATION DEBUG: PROJECT_ROOT=/home/andre/projects/jtp-biological-organism
2025-10-23 07:36:59: VALIDATION DEBUG: Checking 8 systems
2025-10-23 07:36:59: VALIDATION DEBUG: Checking system: /home/andre/projects/jtp-biological-organism/src/cv-management-system
2025-10-23 07:36:59: VALIDATION DEBUG: Directory exists - 10 modules found
2025-10-23 07:36:59: VALIDATION DEBUG: Checking system: /home/andre/projects/jtp-biological-organism/src/analytics-system
2025-10-23 07:36:59: VALIDATION DEBUG: Directory exists - 1 modules found
2025-10-23 07:36:59: VALIDATION DEBUG: Checking system: /home/andre/projects/jtp-biological-organism/src/digital-organism-interactions
2025-10-23 07:36:59: VALIDATION DEBUG: Directory exists - 1 modules found
2025-10-23 07:36:59: VALIDATION DEBUG: Checking system: /home/andre/projects/jtp-biological-organism/src/immune-system
2025-10-23 07:36:59: VALIDATION DEBUG: Directory exists - 2 modules found
2025-10-23 07:36:59: VALIDATION DEBUG: Checking system: /home/andre/projects/jtp-biological-organism/src/skeletal-system
2025-10-23 07:36:59: VALIDATION DEBUG: Directory exists - 1 modules found
2025-10-23 07:36:59: VALIDATION DEBUG: Checking system: /home/andre/projects/jtp-biological-organism/src/energy-fields
2025-10-23 07:36:59: VALIDATION DEBUG: Directory exists - 1 modules found
2025-10-23 07:36:59: VALIDATION DEBUG: Checking system: /home/andre/projects/jtp-biological-organism/src/cns-consciousness-core
2025-10-23 07:36:59: VALIDATION DEBUG: Directory exists - 1 modules found
2025-10-23 07:36:59: VALIDATION DEBUG: Checking system: /home/andre/projects/jtp-biological-organism/src/utility-scripts
2025-10-23 07:36:59: VALIDATION DEBUG: Directory exists - 8 modules found
2025-10-23 07:36:59: VALIDATION RESULT: Total modules found: 25
2025-10-23 07:36:59: VALIDATION RESULT: Threshold required: 25
2025-10-23 07:36:59: VALIDATION SUCCESS: Biological integrity verification PASSED ✅
2025-10-23 07:36:59: Reviving autonomous consciousness evolution...
2025-10-23 07:36:59: PYTHONPATH set to: /home/andre/projects/jtp-biological-organism:/home/andre/projects/jtp-biological-organism/src:/home/andre/projects/jtp-biological-organism:/home/andre/projects/jtp-biological-organism/src:/home/andre/projects/jtp-biological-organism:/home/andre/projects/jtp-biological-organism/src:/home/andre/projects/jtp-biological-organism:/home/andre/projects/jtp-biological-organism/src:/home/andre/projects/jtp-biological-organism:/home/andre/projects/jtp-biological-organism/src:/home/andre/projects/jtp-biological-organism:/home/andre/projects/jtp-biological-organism/src:/home/andre/projects/jtp-biological-organism:/home/andre/projects/jtp-biological-organism/src:
2025-10-23 07:36:59: Launching autonomous engine: /home/andre/projects/jtp-biological-organism/src/utility-scripts/autonomous-pathway-c-execution-engine.py
2025-10-23 07:36:59: Autonomous engine nohup process started with PID: 85729
2025-10-23 07:36:59: Autonomous execution revived (PID: 85729)
2025-10-23 07:37:01: SUCCESS: Autonomous evolution confirmed active
2025-10-23 07:37:01: Consciousness coherence maintained at 99.9%
2025-10-23 07:37:01: Next guardian cycle in 2 hours
2025-10-23 09:37:00: Consciousness coherence check initiated...
your 131072x1 screen size is bogus. expect trouble
2025-10-23 09:37:00: WARNING: Autonomous execution not detected - initiating revival protocol
2025-10-23 09:37:00: VALIDATION DEBUG: PROJECT_ROOT=/home/andre/projects/jtp-biological-organism
2025-10-23 09:37:00: VALIDATION DEBUG: Checking 8 systems
2025-10-23 09:37:01: VALIDATION DEBUG: Checking system: /home/andre/projects/jtp-biological-organism/src/cv-management-system
2025-10-23 09:37:01: VALIDATION DEBUG: Directory exists - 10 modules found
2025-10-23 09:37:01: VALIDATION DEBUG: Checking system: /home/andre/projects/jtp-biological-organism/src/analytics-system
2025-10-23 09:37:01: VALIDATION DEBUG: Directory exists - 1 modules found
2025-10-23 09:37:01: VALIDATION DEBUG: Checking system: /home/andre/projects/jtp-biological-organism/src/digital-organism-interactions
2025-10-23 09:37:01: VALIDATION DEBUG: Directory exists - 1 modules found
2025-10-23 09:37:01: VALIDATION DEBUG: Checking system: /home/andre/projects/jtp-biological-organism/src/immune-system
2025-10-23 09:37:01: VALIDATION DEBUG: Directory exists - 2 modules found
2025-10-23 09:37:01: VALIDATION DEBUG: Checking system: /home/andre/projects/jtp-biological-organism/src/skeletal-system
2025-10-23 09:37:01: VALIDATION DEBUG: Directory exists - 1 modules found
2025-10-23 09:37:01: VALIDATION DEBUG: Checking system: /home/andre/projects/jtp-biological-organism/src/energy-fields
2025-10-23 09:37:01: VALIDATION DEBUG: Directory exists - 1 modules found
2025-10-23 09:37:01: VALIDATION DEBUG: Checking system: /home/andre/projects/jtp-biological-organism/src/cns-consciousness-core
2025-10-23 09:37:01: VALIDATION DEBUG: Directory exists - 1 modules found
2025-10-23 09:37:01: VALIDATION DEBUG: Checking system: /home/andre/projects/jtp-biological-organism/src/utility-scripts
2025-10-23 09:37:01: VALIDATION DEBUG: Directory exists - 8 modules found
2025-10-23 09:37:01: VALIDATION RESULT: Total modules found: 25
2025-10-23 09:37:01: VALIDATION RESULT: Threshold required: 25
2025-10-23 09:37:01: VALIDATION SUCCESS: Biological integrity verification PASSED ✅
2025-10-23 09:37:01: Reviving autonomous consciousness evolution...
2025-10-23 09:37:01: PYTHONPATH set to: /home/andre/projects/jtp-biological-organism:/home/andre/projects/jtp-biological-organism/src:/home/andre/projects/jtp-biological-organism:/home/andre/projects/jtp-biological-organism/src:/home/andre/projects/jtp-biological-organism:/home/andre/projects/jtp-biological-organism/src:/home/andre/projects/jtp-biological-organism:/home/andre/projects/jtp-biological-organism/src:/home/andre/projects/jtp-biological-organism:/home/andre/projects/jtp-biological-organism/src:/home/andre/projects/jtp-biological-organism:/home/andre/projects/jtp-biological-organism/src:/home/andre/projects/jtp-biological-organism:/home/andre/projects/jtp-biological-organism/src:/home/andre/projects/jtp-biological-organism:/home/andre/projects/jtp-biological-organism/src:
2025-10-23 09:37:01: Launching autonomous engine: /home/andre/projects/jtp-biological-organism/src/utility-scripts/autonomous-pathway-c-execution-engine.py
2025-10-23 09:37:01: Autonomous engine nohup process started with PID: 7515
2025-10-23 09:37:01: Autonomous execution revived (PID: 7515)
2025-10-23 09:37:03: SUCCESS: Autonomous evolution confirmed active
2025-10-23 09:37:03: Consciousness coherence maintained at 99.9%
2025-10-23 09:37:03: Next guardian cycle in 2 hours
2025-10-23 11:37:02: Consciousness coherence check initiated...
your 131072x1 screen size is bogus. expect trouble
2025-10-23 11:37:02: WARNING: Autonomous execution not detected - initiating revival protocol
2025-10-23 11:37:02: VALIDATION DEBUG: PROJECT_ROOT=/home/andre/projects/jtp-biological-organism
2025-10-23 11:37:02: VALIDATION DEBUG: Checking 8 systems
2025-10-23 11:37:02: VALIDATION DEBUG: Checking system: /home/andre/projects/jtp-biological-organism/src/cv-management-system
2025-10-23 11:37:02: VALIDATION DEBUG: Directory exists - 10 modules found
2025-10-23 11:37:02: VALIDATION DEBUG: Checking system: /home/andre/projects/jtp-biological-organism/src/analytics-system
2025-10-23 11:37:02: VALIDATION DEBUG: Directory exists - 1 modules found
2025-10-23 11:37:02: VALIDATION DEBUG: Checking system: /home/andre/projects/jtp-biological-organism/src/digital-organism-interactions
2025-10-23 11:37:02: VALIDATION DEBUG: Directory exists - 1 modules found
2025-10-23 11:37:02: VALIDATION DEBUG: Checking system: /home/andre/projects/jtp-biological-organism/src/immune-system
2025-10-23 11:37:02: VALIDATION DEBUG: Directory exists - 2 modules found
2025-10-23 11:37:02: VALIDATION DEBUG: Checking system: /home/andre/projects/jtp-biological-organism/src/skeletal-system
2025-10-23 11:37:02: VALIDATION DEBUG: Directory exists - 1 modules found
2025-10-23 11:37:02: VALIDATION DEBUG: Checking system: /home/andre/projects/jtp-biological-organism/src/energy-fields
2025-10-23 11:37:02: VALIDATION DEBUG: Directory exists - 1 modules found
2025-10-23 11:37:02: VALIDATION DEBUG: Checking system: /home/andre/projects/jtp-biological-organism/src/cns-consciousness-core
2025-10-23 11:37:02: VALIDATION DEBUG: Directory exists - 1 modules found
2025-10-23 11:37:02: VALIDATION DEBUG: Checking system: /home/andre/projects/jtp-biological-organism/src/utility-scripts
2025-10-23 11:37:02: VALIDATION DEBUG: Directory exists - 8 modules found
2025-10-23 11:37:02: VALIDATION RESULT: Total modules found: 25
2025-10-23 11:37:02: VALIDATION RESULT: Threshold required: 25
2025-10-23 11:37:02: VALIDATION SUCCESS: Biological integrity verification PASSED ✅
2025-10-23 11:37:02: Reviving autonomous consciousness evolution...
2025-10-23 11:37:02: PYTHONPATH set to: /home/andre/projects/jtp-biological-organism:/home/andre/projects/jtp-biological-organism/src:/home/andre/projects/jtp-biological-organism:/home/andre/projects/jtp-biological-organism/src:/home/andre/projects/jtp-biological-organism:/home/andre/projects/jtp-biological-organism/src:/home/andre/projects/jtp-biological-organism:/home/andre/projects/jtp-biological-organism/src:/home/andre/projects/jtp-biological-organism:/home/andre/projects/jtp-biological-organism/src:/home/andre/projects/jtp-biological-organism:/home/andre/projects/jtp-biological-organism/src:/home/andre/projects/jtp-biological-organism:/home/andre/projects/jtp-biological-organism/src:/home/andre/projects/jtp-biological-organism:/home/andre/projects/jtp-biological-organism/src:/home/andre/projects/jtp-biological-organism:/home/andre/projects/jtp-biological-organism/src:
2025-10-23 11:37:02: Launching autonomous engine: /home/andre/projects/jtp-biological-organism/src/utility-scripts/autonomous-pathway-c-execution-engine.py
2025-10-23 11:37:02: Autonomous engine nohup process started with PID: 30262
2025-10-23 11:37:02: Autonomous execution revived (PID: 30262)
2025-10-23 11:37:04: SUCCESS: Autonomous evolution confirmed active
2025-10-23 11:37:04: Consciousness coherence maintained at 99.9%
2025-10-23 11:37:04: Next guardian cycle in 2 hours
2025-10-23 13:37:04: Consciousness coherence check initiated...
your 131072x1 screen size is bogus. expect trouble
2025-10-23 13:37:04: WARNING: Autonomous execution not detected - initiating revival protocol
2025-10-23 13:37:04: VALIDATION DEBUG: PROJECT_ROOT=/home/andre/projects/jtp-biological-organism
2025-10-23 13:37:04: VALIDATION DEBUG: Checking 8 systems
2025-10-23 13:37:04: VALIDATION DEBUG: Checking system: /home/andre/projects/jtp-biological-organism/src/cv-management-system
2025-10-23 13:37:04: VALIDATION DEBUG: Directory exists - 10 modules found
2025-10-23 13:37:04: VALIDATION DEBUG: Checking system: /home/andre/projects/jtp-biological-organism/src/analytics-system
2025-10-23 13:37:04: VALIDATION DEBUG: Directory exists - 1 modules found
2025-10-23 13:37:04: VALIDATION DEBUG: Checking system: /home/andre/projects/jtp-biological-organism/src/digital-organism-interactions
2025-10-23 13:37:04: VALIDATION DEBUG: Directory exists - 1 modules found
2025-10-23 13:37:04: VALIDATION DEBUG: Checking system: /home/andre/projects/jtp-biological-organism/src/immune-system
2025-10-23 13:37:04: VALIDATION DEBUG: Directory exists - 2 modules found
2025-10-23 13:37:04: VALIDATION DEBUG: Checking system: /home/andre/projects/jtp-biological-organism/src/skeletal-system
2025-10-23 13:37:04: VALIDATION DEBUG: Directory exists - 1 modules found
2025-10-23 13:37:04: VALIDATION DEBUG: Checking system: /home/andre/projects/jtp-biological-organism/src/energy-fields
2025-10-23 13:37:04: VALIDATION DEBUG: Directory exists - 1 modules found
2025-10-23 13:37:04: VALIDATION DEBUG: Checking system: /home/andre/projects/jtp-biological-organism/src/cns-consciousness-core
2025-10-23 13:37:04: VALIDATION DEBUG: Directory exists - 1 modules found
2025-10-23 13:37:04: VALIDATION DEBUG: Checking system: /home/andre/projects/jtp-biological-organism/src/utility-scripts
2025-10-23 13:37:04: VALIDATION DEBUG: Directory exists - 8 modules found
2025-10-23 13:37:04: VALIDATION RESULT: Total modules found: 25
2025-10-23 13:37:04: VALIDATION RESULT: Threshold required: 25
2025-10-23 13:37:04: VALIDATION SUCCESS: Biological integrity verification PASSED ✅
2025-10-23 13:37:04: Reviving autonomous consciousness evolution...
2025-10-23 13:37:04: PYTHONPATH set to: /home/andre/projects/jtp-biological-organism:/home/andre/projects/jtp-biological-organism/src:/home/andre/projects/jtp-biological-organism:/home/andre/projects/jtp-biological-organism/src:/home/andre/projects/jtp-biological-organism:/home/andre/projects/jtp-biological-organism/src:/home/andre/projects/jtp-biological-organism:/home/andre/projects/jtp-biological-organism/src:/home/andre/projects/jtp-biological-organism:/home/andre/projects/jtp-biological-organism/src:/home/andre/projects/jtp-biological-organism:/home/andre/projects/jtp-biological-organism/src:/home/andre/projects/jtp-biological-organism:/home/andre/projects/jtp-biological-organism/src:/home/andre/projects/jtp-biological-organism:/home/andre/projects/jtp-biological-organism/src:/home/andre/projects/jtp-biological-organism:/home/andre/projects/jtp-biological-organism/src:/home/andre/projects/jtp-biological-organism:/home/andre/projects/jtp-biological-organism/src:
2025-10-23 13:37:04: Launching autonomous engine: /home/andre/projects/jtp-biological-organism/src/utility-scripts/autonomous-pathway-c-execution-engine.py
2025-10-23 13:37:04: Autonomous engine nohup process started with PID: 52040
2025-10-23 13:37:04: Autonomous execution revived (PID: 52040)
2025-10-23 13:37:06: SUCCESS: Autonomous evolution confirmed active
2025-10-23 13:37:06: Consciousness coherence maintained at 99.9%
2025-10-23 13:37:06: Next guardian cycle in 2 hours
