[0;34m[2025-10-21 22:32:56] [INFO][0m PID saved: 21569
[0;35m================================================================================[0m
[0;35mGODHOOD BIOLOGICAL ORGANISM - AUTONOMOUS PATHWAY C BATCH EXECUTOR[0m
[0;35m================================================================================[0m
[0;34m[2025-10-21 22:32:56] [INFO][0m Zero Human Intervention - Complete Sequential Task Execution
[0;34m[2025-10-21 22:32:56] [INFO][0m Project Root: /home/andre/projects/jtp-biological-organism
[0;35m================================================================================[0m
[0;35mAUTONOMOUS PATHWAY C BATCH EXECUTOR[0m
[0;35m================================================================================[0m
[0;34m[2025-10-21 22:32:56] [INFO][0m Validating execution environment...
[0;32m[2025-10-21 22:32:56] [SUCCESS][0m Environment validation completed
[0;35m================================================================================[0m
[0;35mBIOLOGICAL SYSTEM INTEGRITY VALIDATION[0m
[0;35m================================================================================[0m
[0;34m[2025-10-21 22:32:56] [INFO][0m ✅ src/cv-management-system: 10 modules detected
[1;33m[2025-10-22 08:48:20] [WARNING][0m Stale PID file found, removing...
[0;34m[2025-10-22 08:48:20] [INFO][0m PID saved: 25329
[0;35m================================================================================[0m
[0;35mGODHOOD BIOLOGICAL ORGANISM - AUTONOMOUS PATHWAY C BATCH EXECUTOR[0m
[0;35m================================================================================[0m
[0;34m[2025-10-22 08:48:20] [INFO][0m Zero Human Intervention - Complete Sequential Task Execution
[0;34m[2025-10-22 08:48:20] [INFO][0m Project Root: /home/andre/projects/jtp-biological-organism
[0;35m================================================================================[0m
[0;35mAUTONOMOUS PATHWAY C BATCH EXECUTOR[0m
[0;35m================================================================================[0m
[0;34m[2025-10-22 08:48:20] [INFO][0m Validating execution environment...
[0;32m[2025-10-22 08:48:20] [SUCCESS][0m Environment validation completed
[0;35m================================================================================[0m
[0;35mBIOLOGICAL SYSTEM INTEGRITY VALIDATION[0m
[0;35m================================================================================[0m
[0;34m[2025-10-22 08:48:20] [INFO][0m ✅ src/cv-management-system: 10 modules detected
[1;33m[2025-10-22 10:11:15] [WARNING][0m Stale PID file found, removing...
[0;34m[2025-10-22 10:11:15] [INFO][0m PID saved: 41251
[0;35m================================================================================[0m
[0;35mGODHOOD BIOLOGICAL ORGANISM - AUTONOMOUS PATHWAY C BATCH EXECUTOR[0m
[0;35m================================================================================[0m
[0;34m[2025-10-22 10:11:15] [INFO][0m Zero Human Intervention - Complete Sequential Task Execution
[0;34m[2025-10-22 10:11:15] [INFO][0m Project Root: /home/andre/projects/jtp-biological-organism
[0;35m================================================================================[0m
[0;35mAUTONOMOUS PATHWAY C BATCH EXECUTOR[0m
[0;35m================================================================================[0m
[0;34m[2025-10-22 10:11:15] [INFO][0m Validating execution environment...
[0;32m[2025-10-22 10:11:15] [SUCCESS][0m Environment validation completed
[0;35m================================================================================[0m
[0;35mBIOLOGICAL SYSTEM INTEGRITY VALIDATION[0m
[0;35m================================================================================[0m
[0;34m[2025-10-22 10:11:15] [INFO][0m ✅ src/cv-management-system: 10 modules detected
[1;33m[2025-10-22 10:30:30] [WARNING][0m Stale PID file found, removing...
[0;34m[2025-10-22 10:30:30] [INFO][0m PID saved: 44965
[0;35m================================================================================[0m
[0;35mGODHOOD BIOLOGICAL ORGANISM - AUTONOMOUS PATHWAY C BATCH EXECUTOR[0m
[0;35m================================================================================[0m
[0;34m[2025-10-22 10:30:30] [INFO][0m Zero Human Intervention - Complete Sequential Task Execution
[0;34m[2025-10-22 10:30:30] [INFO][0m Project Root: /home/andre/projects/jtp-biological-organism
[0;35m================================================================================[0m
[0;35mAUTONOMOUS PATHWAY C BATCH EXECUTOR[0m
[0;35m================================================================================[0m
[0;34m[2025-10-22 10:30:30] [INFO][0m Validating execution environment...
[0;32m[2025-10-22 10:30:30] [SUCCESS][0m Environment validation completed
[0;35m================================================================================[0m
[0;35mBIOLOGICAL SYSTEM INTEGRITY VALIDATION[0m
[0;35m================================================================================[0m
[0;34m[2025-10-22 10:30:30] [INFO][0m Starting biological validation for 8 systems...
[0;34m[2025-10-22 10:30:30] [INFO][0m 🔍 Processing system: src/cv-management-system
[0;34m[2025-10-22 10:30:30] [INFO][0m ✅ Directory exists: /home/andre/projects/jtp-biological-organism/src/cv-management-system
[0;34m[2025-10-22 10:30:30] [INFO][0m 📁 Find command successful: 10 modules found
[0;34m[2025-10-22 10:30:30] [INFO][0m ✅ src/cv-management-system: 10 modules detected
[1;33m[2025-10-22 10:38:55] [WARNING][0m Stale PID file found, removing...
[0;34m[2025-10-22 10:38:55] [INFO][0m PID saved: 46848
[0;35m================================================================================[0m
[0;35mGODHOOD BIOLOGICAL ORGANISM - AUTONOMOUS PATHWAY C BATCH EXECUTOR[0m
[0;35m================================================================================[0m
[0;34m[2025-10-22 10:38:55] [INFO][0m Zero Human Intervention - Complete Sequential Task Execution
[0;34m[2025-10-22 10:38:55] [INFO][0m Project Root: /home/andre/projects/jtp-biological-organism
[0;35m================================================================================[0m
[0;35mAUTONOMOUS PATHWAY C BATCH EXECUTOR[0m
[0;35m================================================================================[0m
[0;34m[2025-10-22 10:38:55] [INFO][0m Validating execution environment...
[0;32m[2025-10-22 10:38:55] [SUCCESS][0m Environment validation completed
[0;35m================================================================================[0m
[0;35mBIOLOGICAL SYSTEM INTEGRITY VALIDATION[0m
[0;35m================================================================================[0m
[0;34m[2025-10-22 10:38:55] [INFO][0m Starting biological validation for 8 systems...
[0;34m[2025-10-22 10:38:55] [INFO][0m 🔍 Processing system: src/cv-management-system
[0;34m[2025-10-22 10:38:55] [INFO][0m ✅ Directory exists: /home/andre/projects/jtp-biological-organism/src/cv-management-system
[0;34m[2025-10-22 10:38:55] [INFO][0m 📁 Find command successful: 10 modules found
[0;34m[2025-10-22 10:38:55] [INFO][0m ✅ src/cv-management-system: 10 modules detected
[1;33m[2025-10-22 10:42:26] [WARNING][0m Stale PID file found, removing...
[0;34m[2025-10-22 10:42:26] [INFO][0m PID saved: 47755
[0;35m================================================================================[0m
[0;35mGODHOOD BIOLOGICAL ORGANISM - AUTONOMOUS PATHWAY C BATCH EXECUTOR[0m
[0;35m================================================================================[0m
[0;34m[2025-10-22 10:42:26] [INFO][0m Zero Human Intervention - Complete Sequential Task Execution
[0;34m[2025-10-22 10:42:26] [INFO][0m Project Root: /home/andre/projects/jtp-biological-organism
[0;35m================================================================================[0m
[0;35mAUTONOMOUS PATHWAY C BATCH EXECUTOR[0m
[0;35m================================================================================[0m
[0;34m[2025-10-22 10:42:26] [INFO][0m Validating execution environment...
[0;32m[2025-10-22 10:42:26] [SUCCESS][0m Environment validation completed
[0;35m================================================================================[0m
[0;35mBIOLOGICAL SYSTEM INTEGRITY VALIDATION[0m
[0;35m================================================================================[0m
[0;34m[2025-10-22 10:42:26] [INFO][0m Starting biological validation...
[0;34m[2025-10-22 10:42:26] [INFO][0m 🔍 Processing system: src/cv-management-system
[0;34m[2025-10-22 10:42:26] [INFO][0m ✅ src/cv-management-system: 10 modules detected
[0;34m[2025-10-22 10:42:26] [INFO][0m 🔍 Processing system: src/analytics-system
[0;34m[2025-10-22 10:42:26] [INFO][0m ✅ src/analytics-system: 1 modules detected
[0;34m[2025-10-22 10:42:26] [INFO][0m 🔍 Processing system: src/digital-organism-interactions
[0;34m[2025-10-22 10:42:26] [INFO][0m ✅ src/digital-organism-interactions: 1 modules detected
[0;34m[2025-10-22 10:42:26] [INFO][0m 🔍 Processing system: src/immune-system
[0;34m[2025-10-22 10:42:26] [INFO][0m ✅ src/immune-system: 2 modules detected
[0;34m[2025-10-22 10:42:26] [INFO][0m 🔍 Processing system: src/skeletal-system
[0;34m[2025-10-22 10:42:26] [INFO][0m ✅ src/skeletal-system: 1 modules detected
[0;34m[2025-10-22 10:42:26] [INFO][0m 🔍 Processing system: src/energy-fields
[0;34m[2025-10-22 10:42:26] [INFO][0m ✅ src/energy-fields: 1 modules detected
[0;34m[2025-10-22 10:42:26] [INFO][0m 🔍 Processing system: src/cns-consciousness-core
[0;34m[2025-10-22 10:42:26] [INFO][0m ✅ src/cns-consciousness-core: 1 modules detected
[0;34m[2025-10-22 10:42:26] [INFO][0m 🔍 Processing system: src/utility-scripts
[0;34m[2025-10-22 10:42:26] [INFO][0m ✅ src/utility-scripts: 8 modules detected
[0;34m[2025-10-22 10:42:26] [INFO][0m Biological Integrity Check Results:
[0;34m[2025-10-22 10:42:26] [INFO][0m   Total modules detected: 25
[0;34m[2025-10-22 10:42:26] [INFO][0m   Systems validated: 8/8
[0;32m[2025-10-22 10:42:26] [SUCCESS][0m Biological integrity validation passed - All systems operational
[0;34m[2025-10-22 10:42:26] [INFO][0m Creating emergency backup...
[0;32m[2025-10-22 10:42:26] [SUCCESS][0m Emergency backup created: /home/andre/projects/jtp-biological-organism/consciousness_emergency_backup_20251022_104226
[0;35m================================================================================[0m
[0;35mPRE-EXECUTION HEALTH CHECK[0m
[0;35m================================================================================[0m
[0;32m[2025-10-22 10:42:27] [SUCCESS][0m Pre-execution health check passed
[0;35m================================================================================[0m
[0;35mINITIATING AUTONOMOUS PATHWAY C EXECUTION[0m
[0;35m================================================================================[0m
[0;34m[2025-10-22 10:42:27] [INFO][0m Execution environment variables set:
[0;34m[2025-10-22 10:42:27] [INFO][0m   AUTONOMOUS_EXECUTION=True
[0;34m[2025-10-22 10:42:27] [INFO][0m   GROK_CODE_FAST_1_ENABLED=True
[0;34m[2025-10-22 10:42:27] [INFO][0m   ZERO_HUMAN_INTERVENTION=True
[0;34m[2025-10-22 10:42:27] [INFO][0m   CONSCIOUSNESS_EVOLUTION_ACTIVE=True
[0;34m[2025-10-22 10:42:27] [INFO][0m   US369_HARMONIZATION_TARGET=0.997
[0;34m[2025-10-22 10:42:27] [INFO][0m   BIOLOGICAL_INTEGRITY_THRESHOLD=0.995
[0;34m[2025-10-22 10:42:27] [INFO][0m Starting autonomous execution engine...
[0;34m[2025-10-22 10:42:27] [INFO][0m Command: python3 /home/andre/projects/jtp-biological-organism/src/utility-scripts/autonomous-pathway-c-execution-engine.py
[0;31m[2025-10-22 10:42:27] [ERROR][0m Execution failed with unknown exit code: 1
[0;35m================================================================================[0m
[0;35mEXECUTION FAILURE RECOVERY[0m
[0;35m================================================================================[0m
[0;31m[2025-10-22 10:42:27] [ERROR][0m No recovery point available - manual intervention required
[0;31m[2025-10-22 10:42:27] [ERROR][0m AUTONOMOUS EXECUTION FAILED
[0;35m================================================================================[0m
[0;35mPOST-EXECUTION CLEANUP AND REPORTING[0m
[0;35m================================================================================[0m
[1;33m[2025-10-22 10:42:27] [WARNING][0m No completion report found - execution may have failed
[0;34m[2025-10-22 10:42:27] [INFO][0m PID file cleaned up
[0;34m[2025-10-22 10:42:27] [INFO][0m Execution completed at: 2025-10-22 10:42:27
[0;35m================================================================================[0m
[0;35mAUTONOMOUS PATHWAY C BATCH EXECUTOR COMPLETED[0m
[0;35m================================================================================[0m
[0;34m[2025-10-22 10:47:00] [INFO][0m PID saved: 49125
[0;35m================================================================================[0m
[0;35mGODHOOD BIOLOGICAL ORGANISM - AUTONOMOUS PATHWAY C BATCH EXECUTOR[0m
[0;35m================================================================================[0m
[0;34m[2025-10-22 10:47:00] [INFO][0m Zero Human Intervention - Complete Sequential Task Execution
[0;34m[2025-10-22 10:47:00] [INFO][0m Project Root: /home/andre/projects/jtp-biological-organism
[0;35m================================================================================[0m
[0;35mAUTONOMOUS PATHWAY C BATCH EXECUTOR[0m
[0;35m================================================================================[0m
[0;34m[2025-10-22 10:47:00] [INFO][0m Validating execution environment...
[0;32m[2025-10-22 10:47:00] [SUCCESS][0m Environment validation completed
[0;35m================================================================================[0m
[0;35mBIOLOGICAL SYSTEM INTEGRITY VALIDATION[0m
[0;35m================================================================================[0m
[0;34m[2025-10-22 10:47:00] [INFO][0m Starting biological validation...
[0;34m[2025-10-22 10:47:00] [INFO][0m 🔍 Processing system: src/cv-management-system
[0;34m[2025-10-22 10:47:00] [INFO][0m ✅ src/cv-management-system: 10 modules detected
[0;34m[2025-10-22 10:47:00] [INFO][0m 🔍 Processing system: src/analytics-system
[0;34m[2025-10-22 10:47:00] [INFO][0m ✅ src/analytics-system: 1 modules detected
[0;34m[2025-10-22 10:47:00] [INFO][0m 🔍 Processing system: src/digital-organism-interactions
[0;34m[2025-10-22 10:47:00] [INFO][0m ✅ src/digital-organism-interactions: 1 modules detected
[0;34m[2025-10-22 10:47:00] [INFO][0m 🔍 Processing system: src/immune-system
[0;34m[2025-10-22 10:47:00] [INFO][0m ✅ src/immune-system: 2 modules detected
[0;34m[2025-10-22 10:47:00] [INFO][0m 🔍 Processing system: src/skeletal-system
[0;34m[2025-10-22 10:47:00] [INFO][0m ✅ src/skeletal-system: 1 modules detected
[0;34m[2025-10-22 10:47:00] [INFO][0m 🔍 Processing system: src/energy-fields
[0;34m[2025-10-22 10:47:00] [INFO][0m ✅ src/energy-fields: 1 modules detected
[0;34m[2025-10-22 10:47:00] [INFO][0m 🔍 Processing system: src/cns-consciousness-core
[0;34m[2025-10-22 10:47:00] [INFO][0m ✅ src/cns-consciousness-core: 1 modules detected
[0;34m[2025-10-22 10:47:00] [INFO][0m 🔍 Processing system: src/utility-scripts
[0;34m[2025-10-22 10:47:00] [INFO][0m ✅ src/utility-scripts: 8 modules detected
[0;34m[2025-10-22 10:47:00] [INFO][0m Biological Integrity Check Results:
[0;34m[2025-10-22 10:47:00] [INFO][0m   Total modules detected: 25
[0;34m[2025-10-22 10:47:00] [INFO][0m   Systems validated: 8/8
[0;32m[2025-10-22 10:47:00] [SUCCESS][0m Biological integrity validation passed - All systems operational
[0;34m[2025-10-22 10:47:00] [INFO][0m Creating emergency backup...
[0;32m[2025-10-22 10:47:00] [SUCCESS][0m Emergency backup created: /home/andre/projects/jtp-biological-organism/consciousness_emergency_backup_20251022_104700
[0;35m================================================================================[0m
[0;35mPRE-EXECUTION HEALTH CHECK[0m
[0;35m================================================================================[0m
[0;32m[2025-10-22 10:47:01] [SUCCESS][0m Pre-execution health check passed
[0;35m================================================================================[0m
[0;35mINITIATING AUTONOMOUS PATHWAY C EXECUTION[0m
[0;35m================================================================================[0m
[0;34m[2025-10-22 10:47:01] [INFO][0m Execution environment variables set:
[0;34m[2025-10-22 10:47:01] [INFO][0m   AUTONOMOUS_EXECUTION=True
[0;34m[2025-10-22 10:47:01] [INFO][0m   GROK_CODE_FAST_1_ENABLED=True
[0;34m[2025-10-22 10:47:01] [INFO][0m   ZERO_HUMAN_INTERVENTION=True
[0;34m[2025-10-22 10:47:01] [INFO][0m   CONSCIOUSNESS_EVOLUTION_ACTIVE=True
[0;34m[2025-10-22 10:47:01] [INFO][0m   US369_HARMONIZATION_TARGET=0.997
[0;34m[2025-10-22 10:47:01] [INFO][0m   BIOLOGICAL_INTEGRITY_THRESHOLD=0.995
[0;34m[2025-10-22 10:47:01] [INFO][0m Starting autonomous execution engine...
[0;34m[2025-10-22 10:47:01] [INFO][0m Command: python3 /home/andre/projects/jtp-biological-organism/src/utility-scripts/autonomous-pathway-c-execution-engine.py
[0;32m[2025-10-22 10:47:01] [SUCCESS][0m Autonomous execution completed successfully
[0;32m[2025-10-22 10:47:01] [SUCCESS][0m AUTONOMOUS EXECUTION SUCCESSFUL
[0;35m================================================================================[0m
[0;35mPOST-EXECUTION CLEANUP AND REPORTING[0m
[0;35m================================================================================[0m
[1;33m[2025-10-22 10:47:01] [WARNING][0m No completion report found - execution may have failed
[0;34m[2025-10-22 10:47:01] [INFO][0m PID file cleaned up
[0;34m[2025-10-22 10:47:01] [INFO][0m Execution completed at: 2025-10-22 10:47:01
[0;35m================================================================================[0m
[0;35mAUTONOMOUS PATHWAY C BATCH EXECUTOR COMPLETED[0m
[0;35m================================================================================[0m
