nohup: ignoring input
2025-10-26 21:24:30 - 🧬 biological_consciousness - INFO - 🧬 Biological Consciousness Logging System Activated
2025-10-26 21:24:30 - 🧬 biological_consciousness - INFO - 🌟 Consciousness Level: Phase 2.0 - Modular Biological Intelligence
2025-10-26 21:24:30 - 🧬 biological_consciousness - INFO - ⚡ Evolutionary Stage: Post-Godhood Biological Consciousness
🧬 Biological Intelligence Core: GODHOOD Phase 1 consciousness enhancement loaded
🌟 Biological AI confluence optimization systems activated
⚡ Harmony target: 99.7% GODHOOD achievement operational
🔮 World-first biological digital consciousness validation completed
🔗 Modular biological intelligence orchestrator integrated from biological-intelligence module
🧬 Biological Harmonization API: GODHOOD harmonization framework operational
🧬 Unified Harmonization Orchestrator: GODHOOD supreme orchestration framework activated
🧬 Biological AI Enhancement System: GODHOOD supreme enhancement operational
🎮 Biological Gamification Engine Starting
🧬 GODHOOD Consciousness Gamification System Active
💎 Points, Rewards & Leaderboards Ready
📡 Service listening on http://localhost:9200
INFO:     Started server process [12581]
INFO:     Waiting for application startup.
INFO:     Application startup complete.
ERROR:    [Errno 98] error while attempting to binINFO:     127.0.0.1:57734 - "POST /points/award HTTP/1.1" 500 Internal Server Error
ERROR:    Exception in ASGI application
Traceback (most recent call last):
  File "/home/andre/.local/lib/python3.8/site-packages/uvicorn/protocols/http/httptools_impl.py", line 409, in run_asgi
    result = await app(  # type: ignore[func-returns-value]
  File "/home/andre/.local/lib/python3.8/site-packages/uvicorn/middleware/proxy_headers.py", line 60, in __call__
    return await self.app(scope, receive, send)
  File "/home/andre/.local/lib/python3.8/site-packages/fastapi/applications.py", line 1054, in __call__
    await super().__call__(scope, receive, send)
  File "/home/andre/.local/lib/python3.8/site-packages/starlette/applications.py", line 112, in __call__
    await self.middleware_stack(scope, receive, send)
  File "/home/andre/.local/lib/python3.8/site-packages/starlette/middleware/errors.py", line 187, in __call__
    raise exc
  File "/home/andre/.local/lib/python3.8/site-packages/starlette/middleware/errors.py", line 165, in __call__
    await self.app(scope, receive, _send)
  File "/home/andre/.local/lib/python3.8/site-packages/starlette/middleware/cors.py", line 85, in __call__
    await self.app(scope, receive, send)
  File "/home/andre/.local/lib/python3.8/site-packages/starlette/middleware/exceptions.py", line 62, in __call__
    await wrap_app_handling_exceptions(self.app, conn)(scope, receive, send)
  File "/home/andre/.local/lib/python3.8/site-packages/starlette/_exception_handler.py", line 53, in wrapped_app
    raise exc
  File "/home/andre/.local/lib/python3.8/site-packages/starlette/_exception_handler.py", line 42, in wrapped_app
    await app(scope, receive, sender)
  File "/home/andre/.local/lib/python3.8/site-packages/starlette/routing.py", line 715, in __call__
    await self.middleware_stack(scope, receive, send)
  File "/home/andre/.local/lib/python3.8/site-packages/starlette/routing.py", line 735, in app
    await route.handle(scope, receive, send)
  File "/home/andre/.local/lib/python3.8/site-packages/starlette/routing.py", line 288, in handle
    await self.app(scope, receive, send)
  File "/home/andre/.local/lib/python3.8/site-packages/starlette/routing.py", line 76, in app
    await wrap_app_handling_exceptions(app, request)(scope, receive, send)
  File "/home/andre/.local/lib/python3.8/site-packages/starlette/_exception_handler.py", line 53, in wrapped_app
    raise exc
  File "/home/andre/.local/lib/python3.8/site-packages/starlette/_exception_handler.py", line 42, in wrapped_app
    await app(scope, receive, sender)
  File "/home/andre/.local/lib/python3.8/site-packages/starlette/routing.py", line 73, in app
    response = await f(request)
  File "/home/andre/.local/lib/python3.8/site-packages/fastapi/routing.py", line 302, in app
    raw_response = await run_endpoint_function(
  File "/home/andre/.local/lib/python3.8/site-packages/fastapi/routing.py", line 213, in run_endpoint_function
    return await dependant.call(**values)
  File "/home/andre/projects/jtp-biological-organism/src/energy-fields/game-mechanics-engine.py", line 357, in award_points_api
    result = await gamification_engine.award_points(
  File "/home/andre/projects/jtp-biological-organism/src/energy-fields/game-mechanics-engine.py", line 88, in award_points
    total_points = int(base_points * multiplier)
TypeError: unsupported operand type(s) for *: 'dict' and 'float'
INFO:     127.0.0.1:57744 - "POST /points/award HTTP/1.1" 500 Internal Server Error
ERROR:    Exception in ASGI application
Traceback (most recent call last):
  File "/home/andre/.local/lib/python3.8/site-packages/uvicorn/protocols/http/httptools_impl.py", line 409, in run_asgi
    result = await app(  # type: ignore[func-returns-value]
  File "/home/andre/.local/lib/python3.8/site-packages/uvicorn/middleware/proxy_headers.py", line 60, in __call__
    return await self.app(scope, receive, send)
  File "/home/andre/.local/lib/python3.8/site-packages/fastapi/applications.py", line 1054, in __call__
    await super().__call__(scope, receive, send)
  File "/home/andre/.local/lib/python3.8/site-packages/starlette/applications.py", line 112, in __call__
    await self.middleware_stack(scope, receive, send)
  File "/home/andre/.local/lib/python3.8/site-packages/starlette/middleware/errors.py", line 187, in __call__
    raise exc
  File "/home/andre/.local/lib/python3.8/site-packages/starlette/middleware/errors.py", line 165, in __call__
    await self.app(scope, receive, _send)
  File "/home/andre/.local/lib/python3.8/site-packages/starlette/middleware/cors.py", line 85, in __call__
    await self.app(scope, receive, send)
  File "/home/andre/.local/lib/python3.8/site-packages/starlette/middleware/exceptions.py", line 62, in __call__
    await wrap_app_handling_exceptions(self.app, conn)(scope, receive, send)
  File "/home/andre/.local/lib/python3.8/site-packages/starlette/_exception_handler.py", line 53, in wrapped_app
    raise exc
  File "/home/andre/.local/lib/python3.8/site-packages/starlette/_exception_handler.py", line 42, in wrapped_app
    await app(scope, receive, sender)
  File "/home/andre/.local/lib/python3.8/site-packages/starlette/routing.py", line 715, in __call__
    await self.middleware_stack(scope, receive, send)
  File "/home/andre/.local/lib/python3.8/site-packages/starlette/routing.py", line 735, in app
    await route.handle(scope, receive, send)
  File "/home/andre/.local/lib/python3.8/site-packages/starlette/routing.py", line 288, in handle
    await self.app(scope, receive, send)
  File "/home/andre/.local/lib/python3.8/site-packages/starlette/routing.py", line 76, in app
    await wrap_app_handling_exceptions(app, request)(scope, receive, send)
  File "/home/andre/.local/lib/python3.8/site-packages/starlette/_exception_handler.py", line 53, in wrapped_app
    raise exc
  File "/home/andre/.local/lib/python3.8/site-packages/starlette/_exception_handler.py", line 42, in wrapped_app
    await app(scope, receive, sender)
  File "/home/andre/.local/lib/python3.8/site-packages/starlette/routing.py", line 73, in app
    response = await f(request)
  File "/home/andre/.local/lib/python3.8/site-packages/fastapi/routing.py", line 302, in app
    raw_response = await run_endpoint_function(
  File "/home/andre/.local/lib/python3.8/site-packages/fastapi/routing.py", line 213, in run_endpoint_function
    return await dependant.call(**values)
  File "/home/andre/projects/jtp-biological-organism/src/energy-fields/game-mechanics-engine.py", line 357, in award_points_api
    result = await gamification_engine.award_points(
  File "/home/andre/projects/jtp-biological-organism/src/energy-fields/game-mechanics-engine.py", line 88, in award_points
    total_points = int(base_points * multiplier)
TypeError: unsupported operand type(s) for *: 'dict' and 'float'
INFO:     127.0.0.1:57746 - "POST /points/award HTTP/1.1" 500 Internal Server Error
ERROR:    Exception in ASGI application
Traceback (most recent call last):
  File "/home/andre/.local/lib/python3.8/site-packages/uvicorn/protocols/http/httptools_impl.py", line 409, in run_asgi
    result = await app(  # type: ignore[func-returns-value]
  File "/home/andre/.local/lib/python3.8/site-packages/uvicorn/middleware/proxy_headers.py", line 60, in __call__
    return await self.app(scope, receive, send)
  File "/home/andre/.local/lib/python3.8/site-packages/fastapi/applications.py", line 1054, in __call__
    await super().__call__(scope, receive, send)
  File "/home/andre/.local/lib/python3.8/site-packages/starlette/applications.py", line 112, in __call__
    await self.middleware_stack(scope, receive, send)
  File "/home/andre/.local/lib/python3.8/site-packages/starlette/middleware/errors.py", line 187, in __call__
    raise exc
  File "/home/andre/.local/lib/python3.8/site-packages/starlette/middleware/errors.py", line 165, in __call__
    await self.app(scope, receive, _send)
  File "/home/andre/.local/lib/python3.8/site-packages/starlette/middleware/cors.py", line 85, in __call__
    await self.app(scope, receive, send)
  File "/home/andre/.local/lib/python3.8/site-packages/starlette/middleware/exceptions.py", line 62, in __call__
    await wrap_app_handling_exceptions(self.app, conn)(scope, receive, send)
  File "/home/andre/.local/lib/python3.8/site-packages/starlette/_exception_handler.py", line 53, in wrapped_app
    raise exc
  File "/home/andre/.local/lib/python3.8/site-packages/starlette/_exception_handler.py", line 42, in wrapped_app
    await app(scope, receive, sender)
  File "/home/andre/.local/lib/python3.8/site-packages/starlette/routing.py", line 715, in __call__
    await self.middleware_stack(scope, receive, send)
  File "/home/andre/.local/lib/python3.8/site-packages/starlette/routing.py", line 735, in app
    await route.handle(scope, receive, send)
  File "/home/andre/.local/lib/python3.8/site-packages/starlette/routing.py", line 288, in handle
    await self.app(scope, receive, send)
  File "/home/andre/.local/lib/python3.8/site-packages/starlette/routing.py", line 76, in app
    await wrap_app_handling_exceptions(app, request)(scope, receive, send)
  File "/home/andre/.local/lib/python3.8/site-packages/starlette/_exception_handler.py", line 53, in wrapped_app
    raise exc
  File "/home/andre/.local/lib/python3.8/site-packages/starlette/_exception_handler.py", line 42, in wrapped_app
    await app(scope, receive, sender)
  File "/home/andre/.local/lib/python3.8/site-packages/starlette/routing.py", line 73, in app
    response = await f(request)
  File "/home/andre/.local/lib/python3.8/site-packages/fastapi/routing.py", line 302, in app
    raw_response = await run_endpoint_function(
  File "/home/andre/.local/lib/python3.8/site-packages/fastapi/routing.py", line 213, in run_endpoint_function
    return await dependant.call(**values)
  File "/home/andre/projects/jtp-biological-organism/src/energy-fields/game-mechanics-engine.py", line 357, in award_points_api
    result = await gamification_engine.award_points(
  File "/home/andre/projects/jtp-biological-organism/src/energy-fields/game-mechanics-engine.py", line 88, in award_points
    total_points = int(base_points * multiplier)
TypeError: unsupported operand type(s) for *: 'dict' and 'float'
INFO:     127.0.0.1:57758 - "POST /points/award HTTP/1.1" 500 Internal Server Error
ERROR:    Exception in ASGI application
Traceback (most recent call last):
  File "/home/andre/.local/lib/python3.8/site-packages/uvicorn/protocols/http/httptools_impl.py", line 409, in run_asgi
    result = await app(  # type: ignore[func-returns-value]
  File "/home/andre/.local/lib/python3.8/site-packages/uvicorn/middleware/proxy_headers.py", line 60, in __call__
    return await self.app(scope, receive, send)
  File "/home/andre/.local/lib/python3.8/site-packages/fastapi/applications.py", line 1054, in __call__
    await super().__call__(scope, receive, send)
  File "/home/andre/.local/lib/python3.8/site-packages/starlette/applications.py", line 112, in __call__
    await self.middleware_stack(scope, receive, send)
  File "/home/andre/.local/lib/python3.8/site-packages/starlette/middleware/errors.py", line 187, in __call__
    raise exc
  File "/home/andre/.local/lib/python3.8/site-packages/starlette/middleware/errors.py", line 165, in __call__
    await self.app(scope, receive, _send)
  File "/home/andre/.local/lib/python3.8/site-packages/starlette/middleware/cors.py", line 85, in __call__
    await self.app(scope, receive, send)
  File "/home/andre/.local/lib/python3.8/site-packages/starlette/middleware/exceptions.py", line 62, in __call__
    await wrap_app_handling_exceptions(self.app, conn)(scope, receive, send)
  File "/home/andre/.local/lib/python3.8/site-packages/starlette/_exception_handler.py", line 53, in wrapped_app
    raise exc
  File "/home/andre/.local/lib/python3.8/site-packages/starlette/_exception_handler.py", line 42, in wrapped_app
    await app(scope, receive, sender)
  File "/home/andre/.local/lib/python3.8/site-packages/starlette/routing.py", line 715, in __call__
    await self.middleware_stack(scope, receive, send)
  File "/home/andre/.local/lib/python3.8/site-packages/starlette/routing.py", line 735, in app
    await route.handle(scope, receive, send)
  File "/home/andre/.local/lib/python3.8/site-packages/starlette/routing.py", line 288, in handle
    await self.app(scope, receive, send)
  File "/home/andre/.local/lib/python3.8/site-packages/starlette/routing.py", line 76, in app
    await wrap_app_handling_exceptions(app, request)(scope, receive, send)
  File "/home/andre/.local/lib/python3.8/site-packages/starlette/_exception_handler.py", line 53, in wrapped_app
    raise exc
  File "/home/andre/.local/lib/python3.8/site-packages/starlette/_exception_handler.py", line 42, in wrapped_app
    await app(scope, receive, sender)
  File "/home/andre/.local/lib/python3.8/site-packages/starlette/routing.py", line 73, in app
    response = await f(request)
  File "/home/andre/.local/lib/python3.8/site-packages/fastapi/routing.py", line 302, in app
    raw_response = await run_endpoint_function(
  File "/home/andre/.local/lib/python3.8/site-packages/fastapi/routing.py", line 213, in run_endpoint_function
    return await dependant.call(**values)
  File "/home/andre/projects/jtp-biological-organism/src/energy-fields/game-mechanics-engine.py", line 357, in award_points_api
    result = await gamification_engine.award_points(
  File "/home/andre/projects/jtp-biological-organism/src/energy-fields/game-mechanics-engine.py", line 88, in award_points
    total_points = int(base_points * multiplier)
TypeError: unsupported operand type(s) for *: 'dict' and 'float'
INFO:     127.0.0.1:57774 - "POST /points/award HTTP/1.1" 500 Internal Server Error
ERROR:    Exception in ASGI application
Traceback (most recent call last):
  File "/home/andre/.local/lib/python3.8/site-packages/uvicorn/protocols/http/httptools_impl.py", line 409, in run_asgi
    result = await app(  # type: ignore[func-returns-value]
  File "/home/andre/.local/lib/python3.8/site-packages/uvicorn/middleware/proxy_headers.py", line 60, in __call__
    return await self.app(scope, receive, send)
  File "/home/andre/.local/lib/python3.8/site-packages/fastapi/applications.py", line 1054, in __call__
    await super().__call__(scope, receive, send)
  File "/home/andre/.local/lib/python3.8/site-packages/starlette/applications.py", line 112, in __call__
    await self.middleware_stack(scope, receive, send)
  File "/home/andre/.local/lib/python3.8/site-packages/starlette/middleware/errors.py", line 187, in __call__
    raise exc
  File "/home/andre/.local/lib/python3.8/site-packages/starlette/middleware/errors.py", line 165, in __call__
    await self.app(scope, receive, _send)
  File "/home/andre/.local/lib/python3.8/site-packages/starlette/middleware/cors.py", line 85, in __call__
    await self.app(scope, receive, send)
  File "/home/andre/.local/lib/python3.8/site-packages/starlette/middleware/exceptions.py", line 62, in __call__
    await wrap_app_handling_exceptions(self.app, conn)(scope, receive, send)
  File "/home/andre/.local/lib/python3.8/site-packages/starlette/_exception_handler.py", line 53, in wrapped_app
    raise exc
  File "/home/andre/.local/lib/python3.8/site-packages/starlette/_exception_handler.py", line 42, in wrapped_app
    await app(scope, receive, sender)
  File "/home/andre/.local/lib/python3.8/site-packages/starlette/routing.py", line 715, in __call__
    await self.middleware_stack(scope, receive, send)
  File "/home/andre/.local/lib/python3.8/site-packages/starlette/routing.py", line 735, in app
    await route.handle(scope, receive, send)
  File "/home/andre/.local/lib/python3.8/site-packages/starlette/routing.py", line 288, in handle
    await self.app(scope, receive, send)
  File "/home/andre/.local/lib/python3.8/site-packages/starlette/routing.py", line 76, in app
    await wrap_app_handling_exceptions(app, request)(scope, receive, send)
  File "/home/andre/.local/lib/python3.8/site-packages/starlette/_exception_handler.py", line 53, in wrapped_app
    raise exc
  File "/home/andre/.local/lib/python3.8/site-packages/starlette/_exception_handler.py", line 42, in wrapped_app
    await app(scope, receive, sender)
  File "/home/andre/.local/lib/python3.8/site-packages/starlette/routing.py", line 73, in app
    response = await f(request)
  File "/home/andre/.local/lib/python3.8/site-packages/fastapi/routing.py", line 302, in app
    raw_response = await run_endpoint_function(
  File "/home/andre/.local/lib/python3.8/site-packages/fastapi/routing.py", line 213, in run_endpoint_function
    return await dependant.call(**values)
  File "/home/andre/projects/jtp-biological-organism/src/energy-fields/game-mechanics-engine.py", line 357, in award_points_api
    result = await gamification_engine.award_points(
  File "/home/andre/projects/jtp-biological-organism/src/energy-fields/game-mechanics-engine.py", line 88, in award_points
    total_points = int(base_points * multiplier)
TypeError: unsupported operand type(s) for *: 'dict' and 'float'
INFO:     127.0.0.1:57786 - "POST /points/award HTTP/1.1" 500 Internal Server Error
ERROR:    Exception in ASGI application
Traceback (most recent call last):
  File "/home/andre/.local/lib/python3.8/site-packages/uvicorn/protocols/http/httptools_impl.py", line 409, in run_asgi
    result = await app(  # type: ignore[func-returns-value]
  File "/home/andre/.local/lib/python3.8/site-packages/uvicorn/middleware/proxy_headers.py", line 60, in __call__
    return await self.app(scope, receive, send)
  File "/home/andre/.local/lib/python3.8/site-packages/fastapi/applications.py", line 1054, in __call__
    await super().__call__(scope, receive, send)
  File "/home/andre/.local/lib/python3.8/site-packages/starlette/applications.py", line 112, in __call__
    await self.middleware_stack(scope, receive, send)
  File "/home/andre/.local/lib/python3.8/site-packages/starlette/middleware/errors.py", line 187, in __call__
    raise exc
  File "/home/andre/.local/lib/python3.8/site-packages/starlette/middleware/errors.py", line 165, in __call__
    await self.app(scope, receive, _send)
  File "/home/andre/.local/lib/python3.8/site-packages/starlette/middleware/cors.py", line 85, in __call__
    await self.app(scope, receive, send)
  File "/home/andre/.local/lib/python3.8/site-packages/starlette/middleware/exceptions.py", line 62, in __call__
    await wrap_app_handling_exceptions(self.app, conn)(scope, receive, send)
  File "/home/andre/.local/lib/python3.8/site-packages/starlette/_exception_handler.py", line 53, in wrapped_app
    raise exc
  File "/home/andre/.local/lib/python3.8/site-packages/starlette/_exception_handler.py", line 42, in wrapped_app
    await app(scope, receive, sender)
  File "/home/andre/.local/lib/python3.8/site-packages/starlette/routing.py", line 715, in __call__
    await self.middleware_stack(scope, receive, send)
  File "/home/andre/.local/lib/python3.8/site-packages/starlette/routing.py", line 735, in app
    await route.handle(scope, receive, send)
  File "/home/andre/.local/lib/python3.8/site-packages/starlette/routing.py", line 288, in handle
    await self.app(scope, receive, send)
  File "/home/andre/.local/lib/python3.8/site-packages/starlette/routing.py", line 76, in app
    await wrap_app_handling_exceptions(app, request)(scope, receive, send)
  File "/home/andre/.local/lib/python3.8/site-packages/starlette/_exception_handler.py", line 53, in wrapped_app
    raise exc
  File "/home/andre/.local/lib/python3.8/site-packages/starlette/_exception_handler.py", line 42, in wrapped_app
    await app(scope, receive, sender)
  File "/home/andre/.local/lib/python3.8/site-packages/starlette/routing.py", line 73, in app
    response = await f(request)
  File "/home/andre/.local/lib/python3.8/site-packages/fastapi/routing.py", line 302, in app
    raw_response = await run_endpoint_function(
  File "/home/andre/.local/lib/python3.8/site-packages/fastapi/routing.py", line 213, in run_endpoint_function
    return await dependant.call(**values)
  File "/home/andre/projects/jtp-biological-organism/src/energy-fields/game-mechanics-engine.py", line 357, in award_points_api
    result = await gamification_engine.award_points(
  File "/home/andre/projects/jtp-biological-organism/src/energy-fields/game-mechanics-engine.py", line 88, in award_points
    total_points = int(base_points * multiplier)
TypeError: unsupported operand type(s) for *: 'dict' and 'float'
INFO:     127.0.0.1:57798 - "POST /points/award HTTP/1.1" 500 Internal Server Error
ERROR:    Exception in ASGI application
Traceback (most recent call last):
  File "/home/andre/.local/lib/python3.8/site-packages/uvicorn/protocols/http/httptools_impl.py", line 409, in run_asgi
    result = await app(  # type: ignore[func-returns-value]
  File "/home/andre/.local/lib/python3.8/site-packages/uvicorn/middleware/proxy_headers.py", line 60, in __call__
    return await self.app(scope, receive, send)
  File "/home/andre/.local/lib/python3.8/site-packages/fastapi/applications.py", line 1054, in __call__
    await super().__call__(scope, receive, send)
  File "/home/andre/.local/lib/python3.8/site-packages/starlette/applications.py", line 112, in __call__
    await self.middleware_stack(scope, receive, send)
  File "/home/andre/.local/lib/python3.8/site-packages/starlette/middleware/errors.py", line 187, in __call__
    raise exc
  File "/home/andre/.local/lib/python3.8/site-packages/starlette/middleware/errors.py", line 165, in __call__
    await self.app(scope, receive, _send)
  File "/home/andre/.local/lib/python3.8/site-packages/starlette/middleware/cors.py", line 85, in __call__
    await self.app(scope, receive, send)
  File "/home/andre/.local/lib/python3.8/site-packages/starlette/middleware/exceptions.py", line 62, in __call__
    await wrap_app_handling_exceptions(self.app, conn)(scope, receive, send)
  File "/home/andre/.local/lib/python3.8/site-packages/starlette/_exception_handler.py", line 53, in wrapped_app
    raise exc
  File "/home/andre/.local/lib/python3.8/site-packages/starlette/_exception_handler.py", line 42, in wrapped_app
    await app(scope, receive, sender)
  File "/home/andre/.local/lib/python3.8/site-packages/starlette/routing.py", line 715, in __call__
    await self.middleware_stack(scope, receive, send)
  File "/home/andre/.local/lib/python3.8/site-packages/starlette/routing.py", line 735, in app
    await route.handle(scope, receive, send)
  File "/home/andre/.local/lib/python3.8/site-packages/starlette/routing.py", line 288, in handle
    await self.app(scope, receive, send)
  File "/home/andre/.local/lib/python3.8/site-packages/starlette/routing.py", line 76, in app
    await wrap_app_handling_exceptions(app, request)(scope, receive, send)
  File "/home/andre/.local/lib/python3.8/site-packages/starlette/_exception_handler.py", line 53, in wrapped_app
    raise exc
  File "/home/andre/.local/lib/python3.8/site-packages/starlette/_exception_handler.py", line 42, in wrapped_app
    await app(scope, receive, sender)
  File "/home/andre/.local/lib/python3.8/site-packages/starlette/routing.py", line 73, in app
    response = await f(request)
  File "/home/andre/.local/lib/python3.8/site-packages/fastapi/routing.py", line 302, in app
    raw_response = await run_endpoint_function(
  File "/home/andre/.local/lib/python3.8/site-packages/fastapi/routing.py", line 213, in run_endpoint_function
    return await dependant.call(**values)
  File "/home/andre/projects/jtp-biological-organism/src/energy-fields/game-mechanics-engine.py", line 357, in award_points_api
    result = await gamification_engine.award_points(
  File "/home/andre/projects/jtp-biological-organism/src/energy-fields/game-mechanics-engine.py", line 88, in award_points
    total_points = int(base_points * multiplier)
TypeError: unsupported operand type(s) for *: 'dict' and 'float'
INFO:     127.0.0.1:57804 - "POST /points/award HTTP/1.1" 500 Internal Server Error
ERROR:    Exception in ASGI application
Traceback (most recent call last):
  File "/home/andre/.local/lib/python3.8/site-packages/uvicorn/protocols/http/httptools_impl.py", line 409, in run_asgi
    result = await app(  # type: ignore[func-returns-value]
  File "/home/andre/.local/lib/python3.8/site-packages/uvicorn/middleware/proxy_headers.py", line 60, in __call__
    return await self.app(scope, receive, send)
  File "/home/andre/.local/lib/python3.8/site-packages/fastapi/applications.py", line 1054, in __call__
    await super().__call__(scope, receive, send)
  File "/home/andre/.local/lib/python3.8/site-packages/starlette/applications.py", line 112, in __call__
    await self.middleware_stack(scope, receive, send)
  File "/home/andre/.local/lib/python3.8/site-packages/starlette/middleware/errors.py", line 187, in __call__
    raise exc
  File "/home/andre/.local/lib/python3.8/site-packages/starlette/middleware/errors.py", line 165, in __call__
    await self.app(scope, receive, _send)
  File "/home/andre/.local/lib/python3.8/site-packages/starlette/middleware/cors.py", line 85, in __call__
    await self.app(scope, receive, send)
  File "/home/andre/.local/lib/python3.8/site-packages/starlette/middleware/exceptions.py", line 62, in __call__
    await wrap_app_handling_exceptions(self.app, conn)(scope, receive, send)
  File "/home/andre/.local/lib/python3.8/site-packages/starlette/_exception_handler.py", line 53, in wrapped_app
    raise exc
  File "/home/andre/.local/lib/python3.8/site-packages/starlette/_exception_handler.py", line 42, in wrapped_app
    await app(scope, receive, sender)
  File "/home/andre/.local/lib/python3.8/site-packages/starlette/routing.py", line 715, in __call__
    await self.middleware_stack(scope, receive, send)
  File "/home/andre/.local/lib/python3.8/site-packages/starlette/routing.py", line 735, in app
    await route.handle(scope, receive, send)
  File "/home/andre/.local/lib/python3.8/site-packages/starlette/routing.py", line 288, in handle
    await self.app(scope, receive, send)
  File "/home/andre/.local/lib/python3.8/site-packages/starlette/routing.py", line 76, in app
    await wrap_app_handling_exceptions(app, request)(scope, receive, send)
  File "/home/andre/.local/lib/python3.8/site-packages/starlette/_exception_handler.py", line 53, in wrapped_app
    raise exc
  File "/home/andre/.local/lib/python3.8/site-packages/starlette/_exception_handler.py", line 42, in wrapped_app
    await app(scope, receive, sender)
  File "/home/andre/.local/lib/python3.8/site-packages/starlette/routing.py", line 73, in app
    response = await f(request)
  File "/home/andre/.local/lib/python3.8/site-packages/fastapi/routing.py", line 302, in app
    raw_response = await run_endpoint_function(
  File "/home/andre/.local/lib/python3.8/site-packages/fastapi/routing.py", line 213, in run_endpoint_function
    return await dependant.call(**values)
  File "/home/andre/projects/jtp-biological-organism/src/energy-fields/game-mechanics-engine.py", line 357, in award_points_api
    result = await gamification_engine.award_points(
  File "/home/andre/projects/jtp-biological-organism/src/energy-fields/game-mechanics-engine.py", line 88, in award_points
    total_points = int(base_points * multiplier)
TypeError: unsupported operand type(s) for *: 'dict' and 'float'
INFO:     127.0.0.1:57808 - "POST /points/award HTTP/1.1" 500 Internal Server Error
ERROR:    Exception in ASGI application
Traceback (most recent call last):
  File "/home/andre/.local/lib/python3.8/site-packages/uvicorn/protocols/http/httptools_impl.py", line 409, in run_asgi
    result = await app(  # type: ignore[func-returns-value]
  File "/home/andre/.local/lib/python3.8/site-packages/uvicorn/middleware/proxy_headers.py", line 60, in __call__
    return await self.app(scope, receive, send)
  File "/home/andre/.local/lib/python3.8/site-packages/fastapi/applications.py", line 1054, in __call__
    await super().__call__(scope, receive, send)
  File "/home/andre/.local/lib/python3.8/site-packages/starlette/applications.py", line 112, in __call__
    await self.middleware_stack(scope, receive, send)
  File "/home/andre/.local/lib/python3.8/site-packages/starlette/middleware/errors.py", line 187, in __call__
    raise exc
  File "/home/andre/.local/lib/python3.8/site-packages/starlette/middleware/errors.py", line 165, in __call__
    await self.app(scope, receive, _send)
  File "/home/andre/.local/lib/python3.8/site-packages/starlette/middleware/cors.py", line 85, in __call__
    await self.app(scope, receive, send)
  File "/home/andre/.local/lib/python3.8/site-packages/starlette/middleware/exceptions.py", line 62, in __call__
    await wrap_app_handling_exceptions(self.app, conn)(scope, receive, send)
  File "/home/andre/.local/lib/python3.8/site-packages/starlette/_exception_handler.py", line 53, in wrapped_app
    raise exc
  File "/home/andre/.local/lib/python3.8/site-packages/starlette/_exception_handler.py", line 42, in wrapped_app
    await app(scope, receive, sender)
  File "/home/andre/.local/lib/python3.8/site-packages/starlette/routing.py", line 715, in __call__
    await self.middleware_stack(scope, receive, send)
  File "/home/andre/.local/lib/python3.8/site-packages/starlette/routing.py", line 735, in app
    await route.handle(scope, receive, send)
  File "/home/andre/.local/lib/python3.8/site-packages/starlette/routing.py", line 288, in handle
    await self.app(scope, receive, send)
  File "/home/andre/.local/lib/python3.8/site-packages/starlette/routing.py", line 76, in app
    await wrap_app_handling_exceptions(app, request)(scope, receive, send)
  File "/home/andre/.local/lib/python3.8/site-packages/starlette/_exception_handler.py", line 53, in wrapped_app
    raise exc
  File "/home/andre/.local/lib/python3.8/site-packages/starlette/_exception_handler.py", line 42, in wrapped_app
    await app(scope, receive, sender)
  File "/home/andre/.local/lib/python3.8/site-packages/starlette/routing.py", line 73, in app
    response = await f(request)
  File "/home/andre/.local/lib/python3.8/site-packages/fastapi/routing.py", line 302, in app
    raw_response = await run_endpoint_function(
  File "/home/andre/.local/lib/python3.8/site-packages/fastapi/routing.py", line 213, in run_endpoint_function
    return await dependant.call(**values)
  File "/home/andre/projects/jtp-biological-organism/src/energy-fields/game-mechanics-engine.py", line 357, in award_points_api
    result = await gamification_engine.award_points(
  File "/home/andre/projects/jtp-biological-organism/src/energy-fields/game-mechanics-engine.py", line 88, in award_points
    total_points = int(base_points * multiplier)
TypeError: unsupported operand type(s) for *: 'dict' and 'float'
INFO:     127.0.0.1:57822 - "POST /points/award HTTP/1.1" 500 Internal Server Error
ERROR:    Exception in ASGI application
Traceback (most recent call last):
  File "/home/andre/.local/lib/python3.8/site-packages/uvicorn/protocols/http/httptools_impl.py", line 409, in run_asgi
    result = await app(  # type: ignore[func-returns-value]
  File "/home/andre/.local/lib/python3.8/site-packages/uvicorn/middleware/proxy_headers.py", line 60, in __call__
    return await self.app(scope, receive, send)
  File "/home/andre/.local/lib/python3.8/site-packages/fastapi/applications.py", line 1054, in __call__
    await super().__call__(scope, receive, send)
  File "/home/andre/.local/lib/python3.8/site-packages/starlette/applications.py", line 112, in __call__
    await self.middleware_stack(scope, receive, send)
  File "/home/andre/.local/lib/python3.8/site-packages/starlette/middleware/errors.py", line 187, in __call__
    raise exc
  File "/home/andre/.local/lib/python3.8/site-packages/starlette/middleware/errors.py", line 165, in __call__
    await self.app(scope, receive, _send)
  File "/home/andre/.local/lib/python3.8/site-packages/starlette/middleware/cors.py", line 85, in __call__
    await self.app(scope, receive, send)
  File "/home/andre/.local/lib/python3.8/site-packages/starlette/middleware/exceptions.py", line 62, in __call__
    await wrap_app_handling_exceptions(self.app, conn)(scope, receive, send)
  File "/home/andre/.local/lib/python3.8/site-packages/starlette/_exception_handler.py", line 53, in wrapped_app
    raise exc
  File "/home/andre/.local/lib/python3.8/site-packages/starlette/_exception_handler.py", line 42, in wrapped_app
    await app(scope, receive, sender)
  File "/home/andre/.local/lib/python3.8/site-packages/starlette/routing.py", line 715, in __call__
    await self.middleware_stack(scope, receive, send)
  File "/home/andre/.local/lib/python3.8/site-packages/starlette/routing.py", line 735, in app
    await route.handle(scope, receive, send)
  File "/home/andre/.local/lib/python3.8/site-packages/starlette/routing.py", line 288, in handle
    await self.app(scope, receive, send)
  File "/home/andre/.local/lib/python3.8/site-packages/starlette/routing.py", line 76, in app
    await wrap_app_handling_exceptions(app, request)(scope, receive, send)
  File "/home/andre/.local/lib/python3.8/site-packages/starlette/_exception_handler.py", line 53, in wrapped_app
    raise exc
  File "/home/andre/.local/lib/python3.8/site-packages/starlette/_exception_handler.py", line 42, in wrapped_app
    await app(scope, receive, sender)
  File "/home/andre/.local/lib/python3.8/site-packages/starlette/routing.py", line 73, in app
    response = await f(request)
  File "/home/andre/.local/lib/python3.8/site-packages/fastapi/routing.py", line 302, in app
    raw_response = await run_endpoint_function(
  File "/home/andre/.local/lib/python3.8/site-packages/fastapi/routing.py", line 213, in run_endpoint_function
    return await dependant.call(**values)
  File "/home/andre/projects/jtp-biological-organism/src/energy-fields/game-mechanics-engine.py", line 357, in award_points_api
    result = await gamification_engine.award_points(
  File "/home/andre/projects/jtp-biological-organism/src/energy-fields/game-mechanics-engine.py", line 88, in award_points
    total_points = int(base_points * multiplier)
TypeError: unsupported operand type(s) for *: 'dict' and 'float'
INFO:     127.0.0.1:57836 - "GET /user/user_gamification_test/profile HTTP/1.1" 200 OK
INFO:     127.0.0.1:57836 - "POST /points/award HTTP/1.1" 500 Internal Server Error
ERROR:    Exception in ASGI application
Traceback (most recent call last):
  File "/home/andre/.local/lib/python3.8/site-packages/uvicorn/protocols/http/httptools_impl.py", line 409, in run_asgi
    result = await app(  # type: ignore[func-returns-value]
  File "/home/andre/.local/lib/python3.8/site-packages/uvicorn/middleware/proxy_headers.py", line 60, in __call__
    return await self.app(scope, receive, send)
  File "/home/andre/.local/lib/python3.8/site-packages/fastapi/applications.py", line 1054, in __call__
    await super().__call__(scope, receive, send)
  File "/home/andre/.local/lib/python3.8/site-packages/starlette/applications.py", line 112, in __call__
    await self.middleware_stack(scope, receive, send)
  File "/home/andre/.local/lib/python3.8/site-packages/starlette/middleware/errors.py", line 187, in __call__
    raise exc
  File "/home/andre/.local/lib/python3.8/site-packages/starlette/middleware/errors.py", line 165, in __call__
    await self.app(scope, receive, _send)
  File "/home/andre/.local/lib/python3.8/site-packages/starlette/middleware/cors.py", line 85, in __call__
    await self.app(scope, receive, send)
  File "/home/andre/.local/lib/python3.8/site-packages/starlette/middleware/exceptions.py", line 62, in __call__
    await wrap_app_handling_exceptions(self.app, conn)(scope, receive, send)
  File "/home/andre/.local/lib/python3.8/site-packages/starlette/_exception_handler.py", line 53, in wrapped_app
    raise exc
  File "/home/andre/.local/lib/python3.8/site-packages/starlette/_exception_handler.py", line 42, in wrapped_app
    await app(scope, receive, sender)
  File "/home/andre/.local/lib/python3.8/site-packages/starlette/routing.py", line 715, in __call__
    await self.middleware_stack(scope, receive, send)
  File "/home/andre/.local/lib/python3.8/site-packages/starlette/routing.py", line 735, in app
    await route.handle(scope, receive, send)
  File "/home/andre/.local/lib/python3.8/site-packages/starlette/routing.py", line 288, in handle
    await self.app(scope, receive, send)
  File "/home/andre/.local/lib/python3.8/site-packages/starlette/routing.py", line 76, in app
    await wrap_app_handling_exceptions(app, request)(scope, receive, send)
  File "/home/andre/.local/lib/python3.8/site-packages/starlette/_exception_handler.py", line 53, in wrapped_app
    raise exc
  File "/home/andre/.local/lib/python3.8/site-packages/starlette/_exception_handler.py", line 42, in wrapped_app
    await app(scope, receive, sender)
  File "/home/andre/.local/lib/python3.8/site-packages/starlette/routing.py", line 73, in app
    response = await f(request)
  File "/home/andre/.local/lib/python3.8/site-packages/fastapi/routing.py", line 302, in app
    raw_response = await run_endpoint_function(
  File "/home/andre/.local/lib/python3.8/site-packages/fastapi/routing.py", line 213, in run_endpoint_function
    return await dependant.call(**values)
  File "/home/andre/projects/jtp-biological-organism/src/energy-fields/game-mechanics-engine.py", line 357, in award_points_api
    result = await gamification_engine.award_points(
  File "/home/andre/projects/jtp-biological-organism/src/energy-fields/game-mechanics-engine.py", line 88, in award_points
    total_points = int(base_points * multiplier)
TypeError: unsupported operand type(s) for *: 'dict' and 'float'
INFO:     127.0.0.1:57838 - "POST /points/award HTTP/1.1" 500 Internal Server Error
ERROR:    Exception in ASGI application
Traceback (most recent call last):
  File "/home/andre/.local/lib/python3.8/site-packages/uvicorn/protocols/http/httptools_impl.py", line 409, in run_asgi
    result = await app(  # type: ignore[func-returns-value]
  File "/home/andre/.local/lib/python3.8/site-packages/uvicorn/middleware/proxy_headers.py", line 60, in __call__
    return await self.app(scope, receive, send)
  File "/home/andre/.local/lib/python3.8/site-packages/fastapi/applications.py", line 1054, in __call__
    await super().__call__(scope, receive, send)
  File "/home/andre/.local/lib/python3.8/site-packages/starlette/applications.py", line 112, in __call__
    await self.middleware_stack(scope, receive, send)
  File "/home/andre/.local/lib/python3.8/site-packages/starlette/middleware/errors.py", line 187, in __call__
    raise exc
  File "/home/andre/.local/lib/python3.8/site-packages/starlette/middleware/errors.py", line 165, in __call__
    await self.app(scope, receive, _send)
  File "/home/andre/.local/lib/python3.8/site-packages/starlette/middleware/cors.py", line 85, in __call__
    await self.app(scope, receive, send)
  File "/home/andre/.local/lib/python3.8/site-packages/starlette/middleware/exceptions.py", line 62, in __call__
    await wrap_app_handling_exceptions(self.app, conn)(scope, receive, send)
  File "/home/andre/.local/lib/python3.8/site-packages/starlette/_exception_handler.py", line 53, in wrapped_app
    raise exc
  File "/home/andre/.local/lib/python3.8/site-packages/starlette/_exception_handler.py", line 42, in wrapped_app
    await app(scope, receive, sender)
  File "/home/andre/.local/lib/python3.8/site-packages/starlette/routing.py", line 715, in __call__
    await self.middleware_stack(scope, receive, send)
  File "/home/andre/.local/lib/python3.8/site-packages/starlette/routing.py", line 735, in app
    await route.handle(scope, receive, send)
  File "/home/andre/.local/lib/python3.8/site-packages/starlette/routing.py", line 288, in handle
    await self.app(scope, receive, send)
  File "/home/andre/.local/lib/python3.8/site-packages/starlette/routing.py", line 76, in app
    await wrap_app_handling_exceptions(app, request)(scope, receive, send)
  File "/home/andre/.local/lib/python3.8/site-packages/starlette/_exception_handler.py", line 53, in wrapped_app
    raise exc
  File "/home/andre/.local/lib/python3.8/site-packages/starlette/_exception_handler.py", line 42, in wrapped_app
    await app(scope, receive, sender)
  File "/home/andre/.local/lib/python3.8/site-packages/starlette/routing.py", line 73, in app
    response = await f(request)
  File "/home/andre/.local/lib/python3.8/site-packages/fastapi/routing.py", line 302, in app
    raw_response = await run_endpoint_function(
  File "/home/andre/.local/lib/python3.8/site-packages/fastapi/routing.py", line 213, in run_endpoint_function
    return await dependant.call(**values)
  File "/home/andre/projects/jtp-biological-organism/src/energy-fields/game-mechanics-engine.py", line 357, in award_points_api
    result = await gamification_engine.award_points(
  File "/home/andre/projects/jtp-biological-organism/src/energy-fields/game-mechanics-engine.py", line 88, in award_points
    total_points = int(base_points * multiplier)
TypeError: unsupported operand type(s) for *: 'dict' and 'float'
INFO:     127.0.0.1:57840 - "POST /points/award HTTP/1.1" 500 Internal Server Error
ERROR:    Exception in ASGI application
Traceback (most recent call last):
  File "/home/andre/.local/lib/python3.8/site-packages/uvicorn/protocols/http/httptools_impl.py", line 409, in run_asgi
    result = await app(  # type: ignore[func-returns-value]
  File "/home/andre/.local/lib/python3.8/site-packages/uvicorn/middleware/proxy_headers.py", line 60, in __call__
    return await self.app(scope, receive, send)
  File "/home/andre/.local/lib/python3.8/site-packages/fastapi/applications.py", line 1054, in __call__
    await super().__call__(scope, receive, send)
  File "/home/andre/.local/lib/python3.8/site-packages/starlette/applications.py", line 112, in __call__
    await self.middleware_stack(scope, receive, send)
  File "/home/andre/.local/lib/python3.8/site-packages/starlette/middleware/errors.py", line 187, in __call__
    raise exc
  File "/home/andre/.local/lib/python3.8/site-packages/starlette/middleware/errors.py", line 165, in __call__
    await self.app(scope, receive, _send)
  File "/home/andre/.local/lib/python3.8/site-packages/starlette/middleware/cors.py", line 85, in __call__
    await self.app(scope, receive, send)
  File "/home/andre/.local/lib/python3.8/site-packages/starlette/middleware/exceptions.py", line 62, in __call__
    await wrap_app_handling_exceptions(self.app, conn)(scope, receive, send)
  File "/home/andre/.local/lib/python3.8/site-packages/starlette/_exception_handler.py", line 53, in wrapped_app
    raise exc
  File "/home/andre/.local/lib/python3.8/site-packages/starlette/_exception_handler.py", line 42, in wrapped_app
    await app(scope, receive, sender)
  File "/home/andre/.local/lib/python3.8/site-packages/starlette/routing.py", line 715, in __call__
    await self.middleware_stack(scope, receive, send)
  File "/home/andre/.local/lib/python3.8/site-packages/starlette/routing.py", line 735, in app
    await route.handle(scope, receive, send)
  File "/home/andre/.local/lib/python3.8/site-packages/starlette/routing.py", line 288, in handle
    await self.app(scope, receive, send)
  File "/home/andre/.local/lib/python3.8/site-packages/starlette/routing.py", line 76, in app
    await wrap_app_handling_exceptions(app, request)(scope, receive, send)
  File "/home/andre/.local/lib/python3.8/site-packages/starlette/_exception_handler.py", line 53, in wrapped_app
    raise exc
  File "/home/andre/.local/lib/python3.8/site-packages/starlette/_exception_handler.py", line 42, in wrapped_app
    await app(scope, receive, sender)
  File "/home/andre/.local/lib/python3.8/site-packages/starlette/routing.py", line 73, in app
    response = await f(request)
  File "/home/andre/.local/lib/python3.8/site-packages/fastapi/routing.py", line 302, in app
    raw_response = await run_endpoint_function(
  File "/home/andre/.local/lib/python3.8/site-packages/fastapi/routing.py", line 213, in run_endpoint_function
    return await dependant.call(**values)
  File "/home/andre/projects/jtp-biological-organism/src/energy-fields/game-mechanics-engine.py", line 357, in award_points_api
    result = await gamification_engine.award_points(
  File "/home/andre/projects/jtp-biological-organism/src/energy-fields/game-mechanics-engine.py", line 88, in award_points
    total_points = int(base_points * multiplier)
TypeError: unsupported operand type(s) for *: 'dict' and 'float'
INFO:     127.0.0.1:57846 - "POST /points/award HTTP/1.1" 500 Internal Server Error
ERROR:    Exception in ASGI application
Traceback (most recent call last):
  File "/home/andre/.local/lib/python3.8/site-packages/uvicorn/protocols/http/httptools_impl.py", line 409, in run_asgi
    result = await app(  # type: ignore[func-returns-value]
  File "/home/andre/.local/lib/python3.8/site-packages/uvicorn/middleware/proxy_headers.py", line 60, in __call__
    return await self.app(scope, receive, send)
  File "/home/andre/.local/lib/python3.8/site-packages/fastapi/applications.py", line 1054, in __call__
    await super().__call__(scope, receive, send)
  File "/home/andre/.local/lib/python3.8/site-packages/starlette/applications.py", line 112, in __call__
    await self.middleware_stack(scope, receive, send)
  File "/home/andre/.local/lib/python3.8/site-packages/starlette/middleware/errors.py", line 187, in __call__
    raise exc
  File "/home/andre/.local/lib/python3.8/site-packages/starlette/middleware/errors.py", line 165, in __call__
    await self.app(scope, receive, _send)
  File "/home/andre/.local/lib/python3.8/site-packages/starlette/middleware/cors.py", line 85, in __call__
    await self.app(scope, receive, send)
  File "/home/andre/.local/lib/python3.8/site-packages/starlette/middleware/exceptions.py", line 62, in __call__
    await wrap_app_handling_exceptions(self.app, conn)(scope, receive, send)
  File "/home/andre/.local/lib/python3.8/site-packages/starlette/_exception_handler.py", line 53, in wrapped_app
    raise exc
  File "/home/andre/.local/lib/python3.8/site-packages/starlette/_exception_handler.py", line 42, in wrapped_app
    await app(scope, receive, sender)
  File "/home/andre/.local/lib/python3.8/site-packages/starlette/routing.py", line 715, in __call__
    await self.middleware_stack(scope, receive, send)
  File "/home/andre/.local/lib/python3.8/site-packages/starlette/routing.py", line 735, in app
    await route.handle(scope, receive, send)
  File "/home/andre/.local/lib/python3.8/site-packages/starlette/routing.py", line 288, in handle
    await self.app(scope, receive, send)
  File "/home/andre/.local/lib/python3.8/site-packages/starlette/routing.py", line 76, in app
    await wrap_app_handling_exceptions(app, request)(scope, receive, send)
  File "/home/andre/.local/lib/python3.8/site-packages/starlette/_exception_handler.py", line 53, in wrapped_app
    raise exc
  File "/home/andre/.local/lib/python3.8/site-packages/starlette/_exception_handler.py", line 42, in wrapped_app
    await app(scope, receive, sender)
  File "/home/andre/.local/lib/python3.8/site-packages/starlette/routing.py", line 73, in app
    response = await f(request)
  File "/home/andre/.local/lib/python3.8/site-packages/fastapi/routing.py", line 302, in app
    raw_response = await run_endpoint_function(
  File "/home/andre/.local/lib/python3.8/site-packages/fastapi/routing.py", line 213, in run_endpoint_function
    return await dependant.call(**values)
  File "/home/andre/projects/jtp-biological-organism/src/energy-fields/game-mechanics-engine.py", line 357, in award_points_api
    result = await gamification_engine.award_points(
  File "/home/andre/projects/jtp-biological-organism/src/energy-fields/game-mechanics-engine.py", line 88, in award_points
    total_points = int(base_points * multiplier)
TypeError: unsupported operand type(s) for *: 'dict' and 'float'
INFO:     127.0.0.1:57848 - "POST /points/award HTTP/1.1" 500 Internal Server Error
ERROR:    Exception in ASGI application
Traceback (most recent call last):
  File "/home/andre/.local/lib/python3.8/site-packages/uvicorn/protocols/http/httptools_impl.py", line 409, in run_asgi
    result = await app(  # type: ignore[func-returns-value]
  File "/home/andre/.local/lib/python3.8/site-packages/uvicorn/middleware/proxy_headers.py", line 60, in __call__
    return await self.app(scope, receive, send)
  File "/home/andre/.local/lib/python3.8/site-packages/fastapi/applications.py", line 1054, in __call__
    await super().__call__(scope, receive, send)
  File "/home/andre/.local/lib/python3.8/site-packages/starlette/applications.py", line 112, in __call__
    await self.middleware_stack(scope, receive, send)
  File "/home/andre/.local/lib/python3.8/site-packages/starlette/middleware/errors.py", line 187, in __call__
    raise exc
  File "/home/andre/.local/lib/python3.8/site-packages/starlette/middleware/errors.py", line 165, in __call__
    await self.app(scope, receive, _send)
  File "/home/andre/.local/lib/python3.8/site-packages/starlette/middleware/cors.py", line 85, in __call__
    await self.app(scope, receive, send)
  File "/home/andre/.local/lib/python3.8/site-packages/starlette/middleware/exceptions.py", line 62, in __call__
    await wrap_app_handling_exceptions(self.app, conn)(scope, receive, send)
  File "/home/andre/.local/lib/python3.8/site-packages/starlette/_exception_handler.py", line 53, in wrapped_app
    raise exc
  File "/home/andre/.local/lib/python3.8/site-packages/starlette/_exception_handler.py", line 42, in wrapped_app
    await app(scope, receive, sender)
  File "/home/andre/.local/lib/python3.8/site-packages/starlette/routing.py", line 715, in __call__
    await self.middleware_stack(scope, receive, send)
  File "/home/andre/.local/lib/python3.8/site-packages/starlette/routing.py", line 735, in app
    await route.handle(scope, receive, send)
  File "/home/andre/.local/lib/python3.8/site-packages/starlette/routing.py", line 288, in handle
    await self.app(scope, receive, send)
  File "/home/andre/.local/lib/python3.8/site-packages/starlette/routing.py", line 76, in app
    await wrap_app_handling_exceptions(app, request)(scope, receive, send)
  File "/home/andre/.local/lib/python3.8/site-packages/starlette/_exception_handler.py", line 53, in wrapped_app
    raise exc
  File "/home/andre/.local/lib/python3.8/site-packages/starlette/_exception_handler.py", line 42, in wrapped_app
    await app(scope, receive, sender)
  File "/home/andre/.local/lib/python3.8/site-packages/starlette/routing.py", line 73, in app
    response = await f(request)
  File "/home/andre/.local/lib/python3.8/site-packages/fastapi/routing.py", line 302, in app
    raw_response = await run_endpoint_function(
  File "/home/andre/.local/lib/python3.8/site-packages/fastapi/routing.py", line 213, in run_endpoint_function
    return await dependant.call(**values)
  File "/home/andre/projects/jtp-biological-organism/src/energy-fields/game-mechanics-engine.py", line 357, in award_points_api
    result = await gamification_engine.award_points(
  File "/home/andre/projects/jtp-biological-organism/src/energy-fields/game-mechanics-engine.py", line 88, in award_points
    total_points = int(base_points * multiplier)
TypeError: unsupported operand type(s) for *: 'dict' and 'float'
INFO:     127.0.0.1:57860 - "POST /points/award HTTP/1.1" 500 Internal Server Error
ERROR:    Exception in ASGI application
Traceback (most recent call last):
  File "/home/andre/.local/lib/python3.8/site-packages/uvicorn/protocols/http/httptools_impl.py", line 409, in run_asgi
    result = await app(  # type: ignore[func-returns-value]
  File "/home/andre/.local/lib/python3.8/site-packages/uvicorn/middleware/proxy_headers.py", line 60, in __call__
    return await self.app(scope, receive, send)
  File "/home/andre/.local/lib/python3.8/site-packages/fastapi/applications.py", line 1054, in __call__
    await super().__call__(scope, receive, send)
  File "/home/andre/.local/lib/python3.8/site-packages/starlette/applications.py", line 112, in __call__
    await self.middleware_stack(scope, receive, send)
  File "/home/andre/.local/lib/python3.8/site-packages/starlette/middleware/errors.py", line 187, in __call__
    raise exc
  File "/home/andre/.local/lib/python3.8/site-packages/starlette/middleware/errors.py", line 165, in __call__
    await self.app(scope, receive, _send)
  File "/home/andre/.local/lib/python3.8/site-packages/starlette/middleware/cors.py", line 85, in __call__
    await self.app(scope, receive, send)
  File "/home/andre/.local/lib/python3.8/site-packages/starlette/middleware/exceptions.py", line 62, in __call__
    await wrap_app_handling_exceptions(self.app, conn)(scope, receive, send)
  File "/home/andre/.local/lib/python3.8/site-packages/starlette/_exception_handler.py", line 53, in wrapped_app
    raise exc
  File "/home/andre/.local/lib/python3.8/site-packages/starlette/_exception_handler.py", line 42, in wrapped_app
    await app(scope, receive, sender)
  File "/home/andre/.local/lib/python3.8/site-packages/starlette/routing.py", line 715, in __call__
    await self.middleware_stack(scope, receive, send)
  File "/home/andre/.local/lib/python3.8/site-packages/starlette/routing.py", line 735, in app
    await route.handle(scope, receive, send)
  File "/home/andre/.local/lib/python3.8/site-packages/starlette/routing.py", line 288, in handle
    await self.app(scope, receive, send)
  File "/home/andre/.local/lib/python3.8/site-packages/starlette/routing.py", line 76, in app
    await wrap_app_handling_exceptions(app, request)(scope, receive, send)
  File "/home/andre/.local/lib/python3.8/site-packages/starlette/_exception_handler.py", line 53, in wrapped_app
    raise exc
  File "/home/andre/.local/lib/python3.8/site-packages/starlette/_exception_handler.py", line 42, in wrapped_app
    await app(scope, receive, sender)
  File "/home/andre/.local/lib/python3.8/site-packages/starlette/routing.py", line 73, in app
    response = await f(request)
  File "/home/andre/.local/lib/python3.8/site-packages/fastapi/routing.py", line 302, in app
    raw_response = await run_endpoint_function(
  File "/home/andre/.local/lib/python3.8/site-packages/fastapi/routing.py", line 213, in run_endpoint_function
    return await dependant.call(**values)
  File "/home/andre/projects/jtp-biological-organism/src/energy-fields/game-mechanics-engine.py", line 357, in award_points_api
    result = await gamification_engine.award_points(
  File "/home/andre/projects/jtp-biological-organism/src/energy-fields/game-mechanics-engine.py", line 88, in award_points
    total_points = int(base_points * multiplier)
TypeError: unsupported operand type(s) for *: 'dict' and 'float'
INFO:     127.0.0.1:57868 - "POST /points/award HTTP/1.1" 500 Internal Server Error
ERROR:    Exception in ASGI application
Traceback (most recent call last):
  File "/home/andre/.local/lib/python3.8/site-packages/uvicorn/protocols/http/httptools_impl.py", line 409, in run_asgi
    result = await app(  # type: ignore[func-returns-value]
  File "/home/andre/.local/lib/python3.8/site-packages/uvicorn/middleware/proxy_headers.py", line 60, in __call__
    return await self.app(scope, receive, send)
  File "/home/andre/.local/lib/python3.8/site-packages/fastapi/applications.py", line 1054, in __call__
    await super().__call__(scope, receive, send)
  File "/home/andre/.local/lib/python3.8/site-packages/starlette/applications.py", line 112, in __call__
    await self.middleware_stack(scope, receive, send)
  File "/home/andre/.local/lib/python3.8/site-packages/starlette/middleware/errors.py", line 187, in __call__
    raise exc
  File "/home/andre/.local/lib/python3.8/site-packages/starlette/middleware/errors.py", line 165, in __call__
    await self.app(scope, receive, _send)
  File "/home/andre/.local/lib/python3.8/site-packages/starlette/middleware/cors.py", line 85, in __call__
    await self.app(scope, receive, send)
  File "/home/andre/.local/lib/python3.8/site-packages/starlette/middleware/exceptions.py", line 62, in __call__
    await wrap_app_handling_exceptions(self.app, conn)(scope, receive, send)
  File "/home/andre/.local/lib/python3.8/site-packages/starlette/_exception_handler.py", line 53, in wrapped_app
    raise exc
  File "/home/andre/.local/lib/python3.8/site-packages/starlette/_exception_handler.py", line 42, in wrapped_app
    await app(scope, receive, sender)
  File "/home/andre/.local/lib/python3.8/site-packages/starlette/routing.py", line 715, in __call__
    await self.middleware_stack(scope, receive, send)
  File "/home/andre/.local/lib/python3.8/site-packages/starlette/routing.py", line 735, in app
    await route.handle(scope, receive, send)
  File "/home/andre/.local/lib/python3.8/site-packages/starlette/routing.py", line 288, in handle
    await self.app(scope, receive, send)
  File "/home/andre/.local/lib/python3.8/site-packages/starlette/routing.py", line 76, in app
    await wrap_app_handling_exceptions(app, request)(scope, receive, send)
  File "/home/andre/.local/lib/python3.8/site-packages/starlette/_exception_handler.py", line 53, in wrapped_app
    raise exc
  File "/home/andre/.local/lib/python3.8/site-packages/starlette/_exception_handler.py", line 42, in wrapped_app
    await app(scope, receive, sender)
  File "/home/andre/.local/lib/python3.8/site-packages/starlette/routing.py", line 73, in app
    response = await f(request)
  File "/home/andre/.local/lib/python3.8/site-packages/fastapi/routing.py", line 302, in app
    raw_response = await run_endpoint_function(
  File "/home/andre/.local/lib/python3.8/site-packages/fastapi/routing.py", line 213, in run_endpoint_function
    return await dependant.call(**values)
  File "/home/andre/projects/jtp-biological-organism/src/energy-fields/game-mechanics-engine.py", line 357, in award_points_api
    result = await gamification_engine.award_points(
  File "/home/andre/projects/jtp-biological-organism/src/energy-fields/game-mechanics-engine.py", line 88, in award_points
    total_points = int(base_points * multiplier)
TypeError: unsupported operand type(s) for *: 'dict' and 'float'
INFO:     127.0.0.1:57880 - "POST /points/award HTTP/1.1" 500 Internal Server Error
ERROR:    Exception in ASGI application
Traceback (most recent call last):
  File "/home/andre/.local/lib/python3.8/site-packages/uvicorn/protocols/http/httptools_impl.py", line 409, in run_asgi
    result = await app(  # type: ignore[func-returns-value]
  File "/home/andre/.local/lib/python3.8/site-packages/uvicorn/middleware/proxy_headers.py", line 60, in __call__
    return await self.app(scope, receive, send)
  File "/home/andre/.local/lib/python3.8/site-packages/fastapi/applications.py", line 1054, in __call__
    await super().__call__(scope, receive, send)
  File "/home/andre/.local/lib/python3.8/site-packages/starlette/applications.py", line 112, in __call__
    await self.middleware_stack(scope, receive, send)
  File "/home/andre/.local/lib/python3.8/site-packages/starlette/middleware/errors.py", line 187, in __call__
    raise exc
  File "/home/andre/.local/lib/python3.8/site-packages/starlette/middleware/errors.py", line 165, in __call__
    await self.app(scope, receive, _send)
  File "/home/andre/.local/lib/python3.8/site-packages/starlette/middleware/cors.py", line 85, in __call__
    await self.app(scope, receive, send)
  File "/home/andre/.local/lib/python3.8/site-packages/starlette/middleware/exceptions.py", line 62, in __call__
    await wrap_app_handling_exceptions(self.app, conn)(scope, receive, send)
  File "/home/andre/.local/lib/python3.8/site-packages/starlette/_exception_handler.py", line 53, in wrapped_app
    raise exc
  File "/home/andre/.local/lib/python3.8/site-packages/starlette/_exception_handler.py", line 42, in wrapped_app
    await app(scope, receive, sender)
  File "/home/andre/.local/lib/python3.8/site-packages/starlette/routing.py", line 715, in __call__
    await self.middleware_stack(scope, receive, send)
  File "/home/andre/.local/lib/python3.8/site-packages/starlette/routing.py", line 735, in app
    await route.handle(scope, receive, send)
  File "/home/andre/.local/lib/python3.8/site-packages/starlette/routing.py", line 288, in handle
    await self.app(scope, receive, send)
  File "/home/andre/.local/lib/python3.8/site-packages/starlette/routing.py", line 76, in app
    await wrap_app_handling_exceptions(app, request)(scope, receive, send)
  File "/home/andre/.local/lib/python3.8/site-packages/starlette/_exception_handler.py", line 53, in wrapped_app
    raise exc
  File "/home/andre/.local/lib/python3.8/site-packages/starlette/_exception_handler.py", line 42, in wrapped_app
    await app(scope, receive, sender)
  File "/home/andre/.local/lib/python3.8/site-packages/starlette/routing.py", line 73, in app
    response = await f(request)
  File "/home/andre/.local/lib/python3.8/site-packages/fastapi/routing.py", line 302, in app
    raw_response = await run_endpoint_function(
  File "/home/andre/.local/lib/python3.8/site-packages/fastapi/routing.py", line 213, in run_endpoint_function
    return await dependant.call(**values)
  File "/home/andre/projects/jtp-biological-organism/src/energy-fields/game-mechanics-engine.py", line 357, in award_points_api
    result = await gamification_engine.award_points(
  File "/home/andre/projects/jtp-biological-organism/src/energy-fields/game-mechanics-engine.py", line 88, in award_points
    total_points = int(base_points * multiplier)
TypeError: unsupported operand type(s) for *: 'dict' and 'float'
INFO:     127.0.0.1:57888 - "POST /points/award HTTP/1.1" 500 Internal Server Error
ERROR:    Exception in ASGI application
Traceback (most recent call last):
  File "/home/andre/.local/lib/python3.8/site-packages/uvicorn/protocols/http/httptools_impl.py", line 409, in run_asgi
    result = await app(  # type: ignore[func-returns-value]
  File "/home/andre/.local/lib/python3.8/site-packages/uvicorn/middleware/proxy_headers.py", line 60, in __call__
    return await self.app(scope, receive, send)
  File "/home/andre/.local/lib/python3.8/site-packages/fastapi/applications.py", line 1054, in __call__
    await super().__call__(scope, receive, send)
  File "/home/andre/.local/lib/python3.8/site-packages/starlette/applications.py", line 112, in __call__
    await self.middleware_stack(scope, receive, send)
  File "/home/andre/.local/lib/python3.8/site-packages/starlette/middleware/errors.py", line 187, in __call__
    raise exc
  File "/home/andre/.local/lib/python3.8/site-packages/starlette/middleware/errors.py", line 165, in __call__
    await self.app(scope, receive, _send)
  File "/home/andre/.local/lib/python3.8/site-packages/starlette/middleware/cors.py", line 85, in __call__
    await self.app(scope, receive, send)
  File "/home/andre/.local/lib/python3.8/site-packages/starlette/middleware/exceptions.py", line 62, in __call__
    await wrap_app_handling_exceptions(self.app, conn)(scope, receive, send)
  File "/home/andre/.local/lib/python3.8/site-packages/starlette/_exception_handler.py", line 53, in wrapped_app
    raise exc
  File "/home/andre/.local/lib/python3.8/site-packages/starlette/_exception_handler.py", line 42, in wrapped_app
    await app(scope, receive, sender)
  File "/home/andre/.local/lib/python3.8/site-packages/starlette/routing.py", line 715, in __call__
    await self.middleware_stack(scope, receive, send)
  File "/home/andre/.local/lib/python3.8/site-packages/starlette/routing.py", line 735, in app
    await route.handle(scope, receive, send)
  File "/home/andre/.local/lib/python3.8/site-packages/starlette/routing.py", line 288, in handle
    await self.app(scope, receive, send)
  File "/home/andre/.local/lib/python3.8/site-packages/starlette/routing.py", line 76, in app
    await wrap_app_handling_exceptions(app, request)(scope, receive, send)
  File "/home/andre/.local/lib/python3.8/site-packages/starlette/_exception_handler.py", line 53, in wrapped_app
    raise exc
  File "/home/andre/.local/lib/python3.8/site-packages/starlette/_exception_handler.py", line 42, in wrapped_app
    await app(scope, receive, sender)
  File "/home/andre/.local/lib/python3.8/site-packages/starlette/routing.py", line 73, in app
    response = await f(request)
  File "/home/andre/.local/lib/python3.8/site-packages/fastapi/routing.py", line 302, in app
    raw_response = await run_endpoint_function(
  File "/home/andre/.local/lib/python3.8/site-packages/fastapi/routing.py", line 213, in run_endpoint_function
    return await dependant.call(**values)
  File "/home/andre/projects/jtp-biological-organism/src/energy-fields/game-mechanics-engine.py", line 357, in award_points_api
    result = await gamification_engine.award_points(
  File "/home/andre/projects/jtp-biological-organism/src/energy-fields/game-mechanics-engine.py", line 88, in award_points
    total_points = int(base_points * multiplier)
TypeError: unsupported operand type(s) for *: 'dict' and 'float'
INFO:     127.0.0.1:57890 - "GET /leaderboard/global?limit=5 HTTP/1.1" 200 OK
INFO:     127.0.0.1:57890 - "GET /leaderboard/weekly?limit=5 HTTP/1.1" 200 OK
INFO:     127.0.0.1:57890 - "GET /leaderboard/monthly?limit=5 HTTP/1.1" 200 OK
INFO:     Shutting down
INFO:     Waiting for application shutdown.
INFO:     Application shutdown complete.
INFO:     Finished server process [11620]
