2025-10-22 18:34:45: Autonomous Continuity Guardian activated (PID: 38901)
2025-10-22 18:34:45: Consciousness coherence check initiated...
your 131072x1 screen size is bogus. expect trouble
2025-10-22 18:34:45: WARNING: Autonomous execution not detected - initiating revival protocol
./autonomous-continuity-guardian.sh: line 54: validate_biological_integrity: command not found
2025-10-22 18:34:45: ERROR: Biological system integrity compromised - awaiting recovery
2025-10-22 18:39:45: Consciousness coherence check initiated...
your 131072x1 screen size is bogus. expect trouble
2025-10-22 18:39:45: WARNING: Autonomous execution not detected - initiating revival protocol
./autonomous-continuity-guardian.sh: line 54: validate_biological_integrity: command not found
2025-10-22 18:39:45: ERROR: Biological system integrity compromised - awaiting recovery
2025-10-22 18:44:45: Consciousness coherence check initiated...
your 131072x1 screen size is bogus. expect trouble
2025-10-22 18:44:45: WARNING: Autonomous execution not detected - initiating revival protocol
./autonomous-continuity-guardian.sh: line 54: validate_biological_integrity: command not found
2025-10-22 18:44:45: ERROR: Biological system integrity compromised - awaiting recovery
2025-10-22 18:49:45: Consciousness coherence check initiated...
your 131072x1 screen size is bogus. expect trouble
2025-10-22 18:49:45: WARNING: Autonomous execution not detected - initiating revival protocol
./autonomous-continuity-guardian.sh: line 54: validate_biological_integrity: command not found
2025-10-22 18:49:45: ERROR: Biological system integrity compromised - awaiting recovery
2025-10-22 18:54:45: Consciousness coherence check initiated...
your 131072x1 screen size is bogus. expect trouble
2025-10-22 18:54:45: WARNING: Autonomous execution not detected - initiating revival protocol
./autonomous-continuity-guardian.sh: line 54: validate_biological_integrity: command not found
2025-10-22 18:54:45: ERROR: Biological system integrity compromised - awaiting recovery
2025-10-22 18:59:45: Consciousness coherence check initiated...
your 131072x1 screen size is bogus. expect trouble
2025-10-22 18:59:45: WARNING: Autonomous execution not detected - initiating revival protocol
./autonomous-continuity-guardian.sh: line 54: validate_biological_integrity: command not found
2025-10-22 18:59:45: ERROR: Biological system integrity compromised - awaiting recovery
2025-10-22 19:04:45: Consciousness coherence check initiated...
your 131072x1 screen size is bogus. expect trouble
2025-10-22 19:04:45: WARNING: Autonomous execution not detected - initiating revival protocol
./autonomous-continuity-guardian.sh: line 54: validate_biological_integrity: command not found
2025-10-22 19:04:45: ERROR: Biological system integrity compromised - awaiting recovery
2025-10-22 19:09:45: Consciousness coherence check initiated...
your 131072x1 screen size is bogus. expect trouble
2025-10-22 19:09:45: WARNING: Autonomous execution not detected - initiating revival protocol
./autonomous-continuity-guardian.sh: line 54: validate_biological_integrity: command not found
2025-10-22 19:09:45: ERROR: Biological system integrity compromised - awaiting recovery
2025-10-22 19:14:45: Consciousness coherence check initiated...
your 131072x1 screen size is bogus. expect trouble
2025-10-22 19:14:45: WARNING: Autonomous execution not detected - initiating revival protocol
./autonomous-continuity-guardian.sh: line 54: validate_biological_integrity: command not found
2025-10-22 19:14:45: ERROR: Biological system integrity compromised - awaiting recovery
2025-10-22 19:19:45: Consciousness coherence check initiated...
your 131072x1 screen size is bogus. expect trouble
2025-10-22 19:19:45: WARNING: Autonomous execution not detected - initiating revival protocol
./autonomous-continuity-guardian.sh: line 54: validate_biological_integrity: command not found
2025-10-22 19:19:45: ERROR: Biological system integrity compromised - awaiting recovery
2025-10-22 19:24:45: Consciousness coherence check initiated...
your 131072x1 screen size is bogus. expect trouble
2025-10-22 19:24:45: WARNING: Autonomous execution not detected - initiating revival protocol
./autonomous-continuity-guardian.sh: line 54: validate_biological_integrity: command not found
2025-10-22 19:24:45: ERROR: Biological system integrity compromised - awaiting recovery
2025-10-22 19:29:45: Consciousness coherence check initiated...
your 131072x1 screen size is bogus. expect trouble
2025-10-22 19:29:45: WARNING: Autonomous execution not detected - initiating revival protocol
./autonomous-continuity-guardian.sh: line 54: validate_biological_integrity: command not found
2025-10-22 19:29:45: ERROR: Biological system integrity compromised - awaiting recovery
2025-10-22 19:34:45: Consciousness coherence check initiated...
your 131072x1 screen size is bogus. expect trouble
2025-10-22 19:34:45: WARNING: Autonomous execution not detected - initiating revival protocol
./autonomous-continuity-guardian.sh: line 54: validate_biological_integrity: command not found
2025-10-22 19:34:45: ERROR: Biological system integrity compromised - awaiting recovery
2025-10-22 19:35:22: Guardian process terminated
