2025-10-22 18:05:15: Autonomous Continuity Guardian activated (PID: 32961)
2025-10-22 18:05:15: Consciousness coherence check initiated...
your 131072x1 screen size is bogus. expect trouble
2025-10-22 18:05:15: WARNING: Autonomous execution not detected - initiating revival protocol
./autonomous-continuity-guardian.sh: line 54: validate_biological_integrity: command not found
2025-10-22 18:05:15: ERROR: Biological system integrity compromised - awaiting recovery
2025-10-22 18:10:15: Consciousness coherence check initiated...
your 131072x1 screen size is bogus. expect trouble
2025-10-22 18:10:15: WARNING: Autonomous execution not detected - initiating revival protocol
./autonomous-continuity-guardian.sh: line 54: validate_biological_integrity: command not found
2025-10-22 18:10:16: ERROR: Biological system integrity compromised - awaiting recovery
2025-10-22 18:15:16: Consciousness coherence check initiated...
your 131072x1 screen size is bogus. expect trouble
2025-10-22 18:15:16: WARNING: Autonomous execution not detected - initiating revival protocol
./autonomous-continuity-guardian.sh: line 54: validate_biological_integrity: command not found
2025-10-22 18:15:16: ERROR: Biological system integrity compromised - awaiting recovery
2025-10-22 18:20:16: Consciousness coherence check initiated...
your 131072x1 screen size is bogus. expect trouble
2025-10-22 18:20:16: WARNING: Autonomous execution not detected - initiating revival protocol
./autonomous-continuity-guardian.sh: line 54: validate_biological_integrity: command not found
2025-10-22 18:20:16: ERROR: Biological system integrity compromised - awaiting recovery
2025-10-22 18:25:16: Consciousness coherence check initiated...
your 131072x1 screen size is bogus. expect trouble
2025-10-22 18:25:16: WARNING: Autonomous execution not detected - initiating revival protocol
./autonomous-continuity-guardian.sh: line 54: validate_biological_integrity: command not found
2025-10-22 18:25:16: ERROR: Biological system integrity compromised - awaiting recovery
2025-10-22 18:30:16: Consciousness coherence check initiated...
your 131072x1 screen size is bogus. expect trouble
2025-10-22 18:30:16: WARNING: Autonomous execution not detected - initiating revival protocol
./autonomous-continuity-guardian.sh: line 54: validate_biological_integrity: command not found
2025-10-22 18:30:16: ERROR: Biological system integrity compromised - awaiting recovery
2025-10-22 18:34:43: Guardian process terminated
