2025-10-22 17:45:23: Autonomous Continuity Guardian activated (PID: 28689)
2025-10-22 17:45:23: Consciousness coherence check initiated...
your 131072x1 screen size is bogus. expect trouble
2025-10-22 17:45:23: WARNING: Autonomous execution not detected - initiating revival protocol
./autonomous-continuity-guardian.sh: line 54: validate_biological_integrity: command not found
2025-10-22 17:45:24: ERROR: Biological system integrity compromised - awaiting recovery
2025-10-22 17:50:24: Consciousness coherence check initiated...
your 131072x1 screen size is bogus. expect trouble
2025-10-22 17:50:24: WARNING: Autonomous execution not detected - initiating revival protocol
./autonomous-continuity-guardian.sh: line 54: validate_biological_integrity: command not found
2025-10-22 17:50:24: ERROR: Biological system integrity compromised - awaiting recovery
2025-10-22 17:55:24: Consciousness coherence check initiated...
your 131072x1 screen size is bogus. expect trouble
2025-10-22 17:55:24: WARNING: Autonomous execution not detected - initiating revival protocol
./autonomous-continuity-guardian.sh: line 54: validate_biological_integrity: command not found
2025-10-22 17:55:24: ERROR: Biological system integrity compromised - awaiting recovery
2025-10-22 18:00:24: Consciousness coherence check initiated...
your 131072x1 screen size is bogus. expect trouble
2025-10-22 18:00:24: WARNING: Autonomous execution not detected - initiating revival protocol
./autonomous-continuity-guardian.sh: line 54: validate_biological_integrity: command not found
2025-10-22 18:00:24: ERROR: Biological system integrity compromised - awaiting recovery
2025-10-22 18:03:52: Guardian process terminated
