2025-10-25 19:40:51 - Starting periodic documentation health monitoring
2025-10-25 19:40:52 - Violations detected: 
2025-10-25 19:40:52 - ✓ No violations detected. Documentation health optimal.
2025-10-25 19:40:52 - Periodic health monitoring completed
2025-10-25 19:41:06 - Starting periodic documentation health monitoring
2025-10-25 19:41:06 - Violations detected: 0
2025-10-25 19:41:06 - ✓ No violations detected. Documentation health optimal.
2025-10-25 19:41:06 - Periodic health monitoring completed
2025-10-26 09:00:01 - Starting periodic documentation health monitoring
2025-10-26 09:00:02 - Violations detected: 1
2025-10-26 09:00:05 - Freshness: 0.9% | Alignment: 0.0%
2025-10-26 09:00:05 - ALERT: 1 violations detected! Sending notification.
2025-10-26 09:00:06 - Periodic health monitoring completed
2025-10-27 09:00:01 - Starting periodic documentation health monitoring
2025-10-27 09:00:03 - Violations detected: 0
2025-10-27 09:00:07 - Freshness: 12.9% | Alignment: 0.0%
2025-10-27 09:00:07 - ✓ All documentation quality metrics optimal: Freshness 12.9% | Alignment 0.0%
2025-10-27 09:00:09 - Periodic health monitoring completed
2025-10-29 09:00:01 - Starting periodic documentation health monitoring
2025-10-29 09:00:02 - Violations detected: 158
2025-10-29 09:00:05 - Freshness: 40.9% | Alignment: 59.3%
2025-10-29 09:00:05 - ALERT: 158 violations detected! Sending notification.
2025-10-29 09:00:07 - Periodic health monitoring completed
2025-10-30 09:00:01 - Starting periodic documentation health monitoring
2025-10-30 09:00:03 - Violations detected: 171
2025-10-30 09:00:08 - Freshness: 47.4% | Alignment: 62.7%
2025-10-30 09:00:08 - ALERT: 171 violations detected! Sending notification.
2025-10-30 09:00:10 - Periodic health monitoring completed
2025-10-31 09:00:01 - Starting periodic documentation health monitoring
2025-10-31 09:00:05 - Violations detected: 172
2025-10-31 09:00:10 - Freshness: 47.6% | Alignment: 61.7%
2025-10-31 09:00:10 - ALERT: 172 violations detected! Sending notification.
2025-10-31 09:00:13 - Periodic health monitoring completed
